#
# There is insufficient memory for the Java Runtime Environment to continue.
# Native memory allocation (malloc) failed to allocate 1120 bytes for AllocateHeap
# Possible reasons:
#   The system is out of physical RAM or swap space
#   In 32 bit mode, the process size limit was hit
# Possible solutions:
#   Reduce memory load on the system
#   Increase physical memory or swap space
#   Check if swap backing store is full
#   Use 64 bit Java on a 64 bit OS
#   Decrease Java heap size (-Xmx/-Xms)
#   Decrease number of Java threads
#   Decrease Java thread stack sizes (-Xss)
#   Set larger code cache with -XX:ReservedCodeCacheSize=
# This output file may be truncated or incomplete.
#
#  Out of Memory Error (memory/allocation.inline.hpp:61), pid=6488, tid=11056
#
# JRE version: Java(TM) SE Runtime Environment (8.0_60-b27) (build 1.8.0_60-b27)
# Java VM: Java HotSpot(TM) 64-Bit Server VM (25.60-b23 mixed mode windows-amd64 compressed oops)
# Failed to write core dump. Minidumps are not enabled by default on client versions of Windows
#

---------------  T H R E A D  ---------------

Current thread (0x0000000054daa000):  VMThread [stack: 0x0000000055f90000,0x0000000056090000] [id=11056]

Stack: [0x0000000055f90000,0x0000000056090000]
[error occurred during error reporting (printing stack bounds), id 0xc0000005]

Native frames: (J=compiled Java code, j=interpreted, Vv=VM code, C=native code)

VM_Operation (0x000000000260d330): CollectForMetadataAllocation, mode: safepoint, requested by thread 0x00000000002ed800


---------------  P R O C E S S  ---------------

Java Threads: ( => current thread )
  0x000000005675b000 JavaThread "Service Thread" daemon [_thread_blocked, id=5844, stack(0x0000000056de0000,0x0000000056ee0000)]
  0x0000000056757000 JavaThread "C1 CompilerThread2" daemon [_thread_blocked, id=9484, stack(0x0000000056c70000,0x0000000056d70000)]
  0x0000000056756000 JavaThread "C2 CompilerThread1" daemon [_thread_blocked, id=8548, stack(0x0000000056b50000,0x0000000056c50000)]
  0x0000000054e16800 JavaThread "C2 CompilerThread0" daemon [_thread_blocked, id=6088, stack(0x0000000056600000,0x0000000056700000)]
  0x0000000054e13000 JavaThread "Attach Listener" daemon [_thread_blocked, id=3200, stack(0x0000000056410000,0x0000000056510000)]
  0x0000000054e10800 JavaThread "Signal Dispatcher" daemon [_thread_blocked, id=5504, stack(0x0000000056310000,0x0000000056410000)]
  0x0000000054db6800 JavaThread "Finalizer" daemon [_thread_blocked, id=4256, stack(0x0000000056170000,0x0000000056270000)]
  0x0000000054daf800 JavaThread "Reference Handler" daemon [_thread_blocked, id=1004, stack(0x0000000055e70000,0x0000000055f70000)]
  0x00000000002ed800 JavaThread "main" [_thread_blocked, id=6168, stack(0x0000000002510000,0x0000000002610000)]

Other Threads:
=>0x0000000054daa000 VMThread [stack: 0x0000000055f90000,0x0000000056090000] [id=11056]
  0x0000000056769000 WatcherThread [stack: 0x0000000056f90000,0x0000000057090000] [id=10660]

VM state:at safepoint (normal execution)

VM Mutex/Monitor currently owned by a thread:  ([mutex/lock_event])
[0x00000000002ebf80] Threads_lock - owner thread: 0x0000000054daa000
[0x00000000002ec480] Heap_lock - owner thread: 0x00000000002ed800

Heap:
 PSYoungGen      total 18432K, used 400K [0x00000000ebb80000, 0x00000000ed000000, 0x0000000100000000)
  eden space 15872K, 0% used [0x00000000ebb80000,0x00000000ebb80000,0x00000000ecb00000)
  from space 2560K, 15% used [0x00000000ecb00000,0x00000000ecb64010,0x00000000ecd80000)
  to   space 2560K, 0% used [0x00000000ecd80000,0x00000000ecd80000,0x00000000ed000000)
 ParOldGen       total 42496K, used 8K [0x00000000c3200000, 0x00000000c5b80000, 0x00000000ebb80000)
  object space 42496K, 0% used [0x00000000c3200000,0x00000000c3202000,0x00000000c5b80000)
 Metaspace       used 2566K, capacity 4480K, committed 4480K, reserved 1060864K
  class space    used 278K, capacity 384K, committed 384K, reserved 1048576K

Card table byte_map: [0x0000000011ca0000,0x0000000011e90000] byte_map_base: 0x0000000011687000

Marking Bits: (ParMarkBitMap*) 0x000000006f6ea5b0
 Begin Bits: [0x00000000123c0000, 0x00000000132f8000)
 End Bits:   [0x00000000132f8000, 0x0000000014230000)

Polling page: 0x0000000000230000

CodeCache: size=245760Kb used=1099Kb max_used=1099Kb free=244660Kb
 bounds [0x00000000028e0000, 0x0000000002b50000, 0x00000000118e0000]
 total_blobs=255 nmethods=25 adapters=145
 compilation: enabled

Compilation events (10 events):
Event: 191.964 Thread 0x0000000056757000 nmethod 21 0x00000000029f0050 code [0x00000000029f01a0, 0x00000000029f0390]
Event: 191.964 Thread 0x0000000056757000   22  s    3       java.lang.StringBuffer::append (13 bytes)
Event: 191.965 Thread 0x0000000056757000 nmethod 22 0x00000000029f0410 code [0x00000000029f05a0, 0x00000000029f0a88]
Event: 191.965 Thread 0x0000000056757000   23       3       java.lang.String::getChars (62 bytes)
Event: 191.965 Thread 0x0000000056757000 nmethod 23 0x00000000029f0cd0 code [0x00000000029f0e80, 0x00000000029f12b8]
Event: 191.966 Thread 0x0000000056757000   24       3       java.lang.String::equals (81 bytes)
Event: 191.966 Thread 0x0000000056757000 nmethod 24 0x00000000029f14d0 code [0x00000000029f1660, 0x00000000029f1bb0]
Event: 191.967 Thread 0x0000000056757000   25       3       java.lang.AbstractStringBuilder::append (50 bytes)
Event: 191.967 Thread 0x0000000056757000 nmethod 25 0x00000000029f1d90 code [0x00000000029f1f20, 0x00000000029f2428]
Event: 191.968 Thread 0x0000000056756000   26       4       java.lang.String::charAt (29 bytes)

GC Heap History (3 events):
Event: 192.280 GC heap before
{Heap before GC invocations=1 (full 0):
 PSYoungGen      total 18432K, used 1270K [0x00000000ebb80000, 0x00000000ed000000, 0x0000000100000000)
  eden space 15872K, 8% used [0x00000000ebb80000,0x00000000ebcbd950,0x00000000ecb00000)
  from space 2560K, 0% used [0x00000000ecd80000,0x00000000ecd80000,0x00000000ed000000)
  to   space 2560K, 0% used [0x00000000ecb00000,0x00000000ecb00000,0x00000000ecd80000)
 ParOldGen       total 42496K, used 0K [0x00000000c3200000, 0x00000000c5b80000, 0x00000000ebb80000)
  object space 42496K, 0% used [0x00000000c3200000,0x00000000c3200000,0x00000000c5b80000)
 Metaspace       used 2566K, capacity 4480K, committed 4480K, reserved 1060864K
  class space    used 278K, capacity 384K, committed 384K, reserved 1048576K
Event: 192.340 GC heap after
Heap after GC invocations=1 (full 0):
 PSYoungGen      total 18432K, used 400K [0x00000000ebb80000, 0x00000000ed000000, 0x0000000100000000)
  eden space 15872K, 0% used [0x00000000ebb80000,0x00000000ebb80000,0x00000000ecb00000)
  from space 2560K, 15% used [0x00000000ecb00000,0x00000000ecb64010,0x00000000ecd80000)
  to   space 2560K, 0% used [0x00000000ecd80000,0x00000000ecd80000,0x00000000ed000000)
 ParOldGen       total 42496K, used 8K [0x00000000c3200000, 0x00000000c5b80000, 0x00000000ebb80000)
  object space 42496K, 0% used [0x00000000c3200000,0x00000000c3202000,0x00000000c5b80000)
 Metaspace       used 2566K, capacity 4480K, committed 4480K, reserved 1060864K
  class space    used 278K, capacity 384K, committed 384K, reserved 1048576K
}
Event: 192.340 GC heap before
{Heap before GC invocations=2 (full 1):
 PSYoungGen      total 18432K, used 400K [0x00000000ebb80000, 0x00000000ed000000, 0x0000000100000000)
  eden space 15872K, 0% used [0x00000000ebb80000,0x00000000ebb80000,0x00000000ecb00000)
  from space 2560K, 15% used [0x00000000ecb00000,0x00000000ecb64010,0x00000000ecd80000)
  to   space 2560K, 0% used [0x00000000ecd80000,0x00000000ecd80000,0x00000000ed000000)
 ParOldGen       total 42496K, used 8K [0x00000000c3200000, 0x00000000c5b80000, 0x00000000ebb80000)
  object space 42496K, 0% used [0x00000000c3200000,0x00000000c3202000,0x00000000c5b80000)
 Metaspace       used 2566K, capacity 4480K, committed 4480K, reserved 1060864K
  class space    used 278K, capacity 384K, committed 384K, reserved 1048576K

Deoptimization events (0 events):
No events

Internal exceptions (2 events):
Event: 171.088 Thread 0x00000000002ed800 Exception <a 'java/lang/NoSuchMethodError': Method sun.misc.Unsafe.defineClass(Ljava/lang/String;[BII)Ljava/lang/Class; name or signature does not match> (0x00000000ebb8d410) thrown at [C:\re\workspace\8-2-build-windows-amd64-cygwin\jdk8u60\4407\hotspot\srË}ý
Event: 171.088 Thread 0x00000000002ed800 Exception <a 'java/lang/NoSuchMethodError': Method sun.misc.Unsafe.prefetchRead(Ljava/lang/Object;J)V name or signature does not match> (0x00000000ebb8d6f8) thrown at [C:\re\workspace\8-2-build-windows-amd64-cygwin\jdk8u60\4407\hotspot\src\share\vm\prims\j

Events (10 events):
Event: 191.973 loading class java/io/FilePermission$1 done
Event: 191.974 loading class java/io/FilePermissionCollection
Event: 191.974 loading class java/io/FilePermissionCollection done
Event: 191.974 loading class java/security/AllPermission
Event: 191.974 loading class java/security/AllPermission done
Event: 191.974 loading class java/security/UnresolvedPermission
Event: 191.974 loading class java/security/UnresolvedPermission done
Event: 191.974 loading class java/security/BasicPermissionCollection
Event: 191.974 loading class java/security/BasicPermissionCollection done
Event: 191.975 Executing VM operation: CollectForMetadataAllocation


Dynamic libraries:
0x000000013fb70000 - 0x000000013fba7000 	C:\Program Files\Java\jdk1.8.0_60\bin\java.exe
0x0000000077060000 - 0x000000007720a000 	C:\Windows\SYSTEM32\ntdll.dll
0x0000000076f40000 - 0x000000007705f000 	C:\Windows\system32\kernel32.dll
0x000007fefd0d0000 - 0x000007fefd13b000 	C:\Windows\system32\KERNELBASE.dll
0x000007fefd9d0000 - 0x000007fefdaab000 	C:\Windows\system32\ADVAPI32.dll
0x000007fefd240000 - 0x000007fefd2df000 	C:\Windows\system32\msvcrt.dll
0x000007fefd9b0000 - 0x000007fefd9cf000 	C:\Windows\SYSTEM32\sechost.dll
0x000007fefea10000 - 0x000007fefeb3d000 	C:\Windows\system32\RPCRT4.dll
0x0000000076e40000 - 0x0000000076f3a000 	C:\Windows\system32\USER32.dll
0x000007fefe990000 - 0x000007fefe9f7000 	C:\Windows\system32\GDI32.dll
0x000007fefd670000 - 0x000007fefd67e000 	C:\Windows\system32\LPK.dll
0x000007fefeed0000 - 0x000007fefef9a000 	C:\Windows\system32\USP10.dll
0x000007fefb6f0000 - 0x000007fefb8e4000 	C:\Windows\WinSxS\amd64_microsoft.windows.common-controls_6595b64144ccf1df_6.0.7601.18837_none_fa3b1e3d17594757\COMCTL32.dll
0x000007fefd5f0000 - 0x000007fefd661000 	C:\Windows\system32\SHLWAPI.dll
0x000007fefefa0000 - 0x000007fefefce000 	C:\Windows\system32\IMM32.DLL
0x000007fefedc0000 - 0x000007fefeec9000 	C:\Windows\system32\MSCTF.dll
0x00000000733c0000 - 0x0000000073492000 	C:\Program Files\Java\jdk1.8.0_60\jre\bin\msvcr100.dll
0x000000006eee0000 - 0x000000006f769000 	C:\Program Files\Java\jdk1.8.0_60\jre\bin\server\jvm.dll
0x000007fef5740000 - 0x000007fef5749000 	C:\Windows\system32\WSOCK32.dll
0x000007fefe840000 - 0x000007fefe88d000 	C:\Windows\system32\WS2_32.dll
0x000007fefea00000 - 0x000007fefea08000 	C:\Windows\system32\NSI.dll
0x000007fef9920000 - 0x000007fef995b000 	C:\Windows\system32\WINMM.dll
0x000007fefbed0000 - 0x000007fefbedc000 	C:\Windows\system32\VERSION.dll
0x0000000077220000 - 0x0000000077227000 	C:\Windows\system32\PSAPI.DLL
0x00000000733b0000 - 0x00000000733bf000 	C:\Program Files\Java\jdk1.8.0_60\jre\bin\verify.dll
0x0000000073380000 - 0x00000000733a9000 	C:\Program Files\Java\jdk1.8.0_60\jre\bin\java.dll
0x0000000073360000 - 0x0000000073376000 	C:\Program Files\Java\jdk1.8.0_60\jre\bin\zip.dll
0x000007fefdab0000 - 0x000007fefe83a000 	C:\Windows\system32\SHELL32.dll
0x000007feff160000 - 0x000007feff363000 	C:\Windows\system32\ole32.dll
0x000007fefcde0000 - 0x000007fefcdef000 	C:\Windows\system32\profapi.dll

VM Arguments:
java_command: experimenT.AVLTree 76
java_class_path (initial): C:\Users\Klant\workspace11\project12\bin\
Launcher Type: SUN_STANDARD

Environment Variables:
PATH=C:\ProgramData\Oracle\Java\javapath;C:\Windows\system32;C:\Windows;C:\Windows\System32\Wbem;C:\Windows\System32\WindowsPowerShell\v1.0\;C:\Program Files\Intel\DMIX;C:\Program Files\Intel\WiFi\bin\;C:\Program Files\Common Files\Intel\WirelessCommon\;C:\Takipi\lib;C:\Takipi\lib32;C:\Users\Klant\boundt;C:\Users\Klant\Downloads\tptpdc.all_platforms-TPTP-4.1.0\tptp\tptpdc\win_ia32\bin;C:\Program Files (x86)\Skype\Phone\;C:\Program Files\Java\jdk1.8.0_60\bin;C:\Users\Klant\Downloads\major-1.1.6_jre7\major\bin;C:\Program Files\Intel\WiFi\bin\;C:\Program Files\Common Files\Intel\WirelessCommon\
USERNAME=Klant
OS=Windows_NT
PROCESSOR_IDENTIFIER=Intel64 Family 6 Model 37 Stepping 5, GenuineIntel



---------------  S Y S T E M  ---------------

OS: Windows 7 , 64 bit Build 7601 (6.1.7601.19160)

CPU:total 4 (2 cores per cpu, 2 threads per core) family 6 model 37 stepping 5, cmov, cx8, fxsr, mmx, sse, sse2, sse3, ssse3, sse4.1, sse4.2, popcnt, aes, clmul, ht, tsc, tscinvbit

Memory: 4k page, physical 3987284k(186740k free), swap 15947300k(4744k free)

vm_info: Java HotSpot(TM) 64-Bit Server VM (25.60-b23) for windows-amd64 JRE (1.8.0_60-b27), built on Aug  4 2015 11:06:27 by "java_re" with MS VC++ 10.0 (VS2010)

time: Thu Mar 31 15:56:47 2016
elapsed time: 195 seconds (0d 0h 3m 15s)

