#
# There is insufficient memory for the Java Runtime Environment to continue.
# Native memory allocation (malloc) failed to allocate 32744 bytes for ChunkPool::allocate
# Possible reasons:
#   The system is out of physical RAM or swap space
#   In 32 bit mode, the process size limit was hit
# Possible solutions:
#   Reduce memory load on the system
#   Increase physical memory or swap space
#   Check if swap backing store is full
#   Use 64 bit Java on a 64 bit OS
#   Decrease Java heap size (-Xmx/-Xms)
#   Decrease number of Java threads
#   Decrease Java thread stack sizes (-Xss)
#   Set larger code cache with -XX:ReservedCodeCacheSize=
# This output file may be truncated or incomplete.
#
#  Out of Memory Error (allocation.cpp:273), pid=11240, tid=10276
#
# JRE version: Java(TM) SE Runtime Environment (8.0_60-b27) (build 1.8.0_60-b27)
# Java VM: Java HotSpot(TM) 64-Bit Server VM (25.60-b23 mixed mode windows-amd64 compressed oops)
# Failed to write core dump. Minidumps are not enabled by default on client versions of Windows
#

---------------  T H R E A D  ---------------

Current thread (0x0000000056647000):  JavaThread "C1 CompilerThread2" daemon [_thread_in_native, id=10276, stack(0x0000000056c10000,0x0000000056d10000)]

Stack: [0x0000000056c10000,0x0000000056d10000]
[error occurred during error reporting (printing stack bounds), id 0xc0000005]

Native frames: (J=compiled Java code, j=interpreted, Vv=VM code, C=native code)


Current CompileTask:
C1: 204154   34       3      
[error occurred during error reporting (printing current compile task), id 0xe0000001]


---------------  P R O C E S S  ---------------

Java Threads: ( => current thread )
  0x000000005664b000 JavaThread "Service Thread" daemon [_thread_blocked, id=5940, stack(0x0000000056d60000,0x0000000056e60000)]
=>0x0000000056647000 JavaThread "C1 CompilerThread2" daemon [_thread_in_native, id=10276, stack(0x0000000056c10000,0x0000000056d10000)]
  0x0000000056646000 JavaThread "C2 CompilerThread1" daemon [_thread_blocked, id=9292, stack(0x0000000056ac0000,0x0000000056bc0000)]
  0x0000000054da6800 JavaThread "C2 CompilerThread0" daemon [_thread_blocked, id=5644, stack(0x0000000056180000,0x0000000056280000)]
  0x0000000054da3000 JavaThread "Attach Listener" daemon [_thread_blocked, id=6524, stack(0x00000000564f0000,0x00000000565f0000)]
  0x0000000054da1000 JavaThread "Signal Dispatcher" daemon [_thread_blocked, id=4512, stack(0x00000000562b0000,0x00000000563b0000)]
  0x0000000054d46800 JavaThread "Finalizer" daemon [_thread_blocked, id=9152, stack(0x0000000055dd0000,0x0000000055ed0000)]
  0x0000000054d3f800 JavaThread "Reference Handler" daemon [_thread_blocked, id=4668, stack(0x0000000056070000,0x0000000056170000)]
  0x0000000001d4d800 JavaThread "main" [_thread_in_native, id=7308, stack(0x00000000022d0000,0x00000000023d0000)]

Other Threads:
  0x0000000054d3a000 VMThread [stack: 0x0000000055f70000,0x0000000056070000] [id=8200]
  0x0000000056659000 WatcherThread [stack: 0x0000000056f20000,0x0000000057020000] [id=9164]

VM state:not at safepoint (normal execution)

VM Mutex/Monitor currently owned by a thread: None

Heap:
 PSYoungGen      total 18432K, used 1270K [0x00000000ebb80000, 0x00000000ed000000, 0x0000000100000000)
  eden space 15872K, 8% used [0x00000000ebb80000,0x00000000ebcbd950,0x00000000ecb00000)
  from space 2560K, 0% used [0x00000000ecd80000,0x00000000ecd80000,0x00000000ed000000)
  to   space 2560K, 0% used [0x00000000ecb00000,0x00000000ecb00000,0x00000000ecd80000)
 ParOldGen       total 42496K, used 0K [0x00000000c3200000, 0x00000000c5b80000, 0x00000000ebb80000)
  object space 42496K, 0% used [0x00000000c3200000,0x00000000c3200000,0x00000000c5b80000)
 Metaspace       used 2639K, capacity 4562K, committed 4864K, reserved 1056768K
  class space    used 288K, capacity 386K, committed 512K, reserved 1048576K

Card table byte_map: [0x0000000011b80000,0x0000000011d70000] byte_map_base: 0x0000000011567000

Marking Bits: (ParMarkBitMap*) 0x000000006f6ea5b0
 Begin Bits: [0x0000000012350000, 0x0000000013288000)
 End Bits:   [0x0000000013288000, 0x00000000141c0000)

Polling page: 0x0000000000230000

CodeCache: size=245760Kb used=1106Kb max_used=1109Kb free=244653Kb
 bounds [0x00000000027c0000, 0x0000000002a30000, 0x00000000117c0000]
 total_blobs=263 nmethods=33 adapters=145
 compilation: enabled

Compilation events (10 events):
Event: 201.774 Thread 0x0000000056647000 nmethod 29 0x00000000028d4050 code [0x00000000028d41a0, 0x00000000028d42d0]
Event: 202.528 Thread 0x0000000056647000   30       3       sun.nio.cs.SingleByte$Encoder::encode (32 bytes)
Event: 202.528 Thread 0x0000000056647000 nmethod 30 0x00000000028d3b90 code [0x00000000028d3d00, 0x00000000028d3f10]
Event: 202.528 Thread 0x0000000056647000   31       1       java.nio.Buffer::position (5 bytes)
Event: 202.529 Thread 0x0000000056647000 nmethod 31 0x00000000028d38d0 code [0x00000000028d3a20, 0x00000000028d3b30]
Event: 203.907 Thread 0x0000000056647000   32       1       java.nio.Buffer::limit (5 bytes)
Event: 203.907 Thread 0x0000000056647000 nmethod 32 0x00000000028d3610 code [0x00000000028d3760, 0x00000000028d3870]
Event: 203.910 Thread 0x0000000056647000   33       3       java.nio.ByteBuffer::arrayOffset (35 bytes)
Event: 203.910 Thread 0x0000000056647000 nmethod 33 0x00000000028d30d0 code [0x00000000028d3260, 0x00000000028d3518]
Event: 203.911 Thread 0x0000000056647000   34       3       experimenT.AVLTree::functionF (60 bytes)

GC Heap History (0 events):
No events

Deoptimization events (0 events):
No events

Internal exceptions (10 events):
Event: 203.910 Thread 0x0000000001d4d800 Exception <a 'java/io/IOException'> (0x00000000ebc57498) thrown at [C:\re\workspace\8-2-build-windows-amd64-cygwin\jdk8u60\4407\hotspot\src\share\vm\prims\jni.cpp, line 709]
Event: 203.910 Thread 0x0000000001d4d800 Exception <a 'java/io/IOException'> (0x00000000ebc57728) thrown at [C:\re\workspace\8-2-build-windows-amd64-cygwin\jdk8u60\4407\hotspot\src\share\vm\prims\jni.cpp, line 709]
Event: 203.910 Thread 0x0000000001d4d800 Exception <a 'java/io/IOException'> (0x00000000ebc579b8) thrown at [C:\re\workspace\8-2-build-windows-amd64-cygwin\jdk8u60\4407\hotspot\src\share\vm\prims\jni.cpp, line 709]
Event: 203.910 Thread 0x0000000001d4d800 Exception <a 'java/io/IOException'> (0x00000000ebc57c18) thrown at [C:\re\workspace\8-2-build-windows-amd64-cygwin\jdk8u60\4407\hotspot\src\share\vm\prims\jni.cpp, line 709]
Event: 203.910 Thread 0x0000000001d4d800 Exception <a 'java/io/IOException'> (0x00000000ebc57ea8) thrown at [C:\re\workspace\8-2-build-windows-amd64-cygwin\jdk8u60\4407\hotspot\src\share\vm\prims\jni.cpp, line 709]
Event: 203.910 Thread 0x0000000001d4d800 Exception <a 'java/io/IOException'> (0x00000000ebc58138) thrown at [C:\re\workspace\8-2-build-windows-amd64-cygwin\jdk8u60\4407\hotspot\src\share\vm\prims\jni.cpp, line 709]
Event: 203.910 Thread 0x0000000001d4d800 Exception <a 'java/io/IOException'> (0x00000000ebc58398) thrown at [C:\re\workspace\8-2-build-windows-amd64-cygwin\jdk8u60\4407\hotspot\src\share\vm\prims\jni.cpp, line 709]
Event: 203.910 Thread 0x0000000001d4d800 Exception <a 'java/io/IOException'> (0x00000000ebc58628) thrown at [C:\re\workspace\8-2-build-windows-amd64-cygwin\jdk8u60\4407\hotspot\src\share\vm\prims\jni.cpp, line 709]
Event: 203.910 Thread 0x0000000001d4d800 Exception <a 'java/io/IOException'> (0x00000000ebc588b8) thrown at [C:\re\workspace\8-2-build-windows-amd64-cygwin\jdk8u60\4407\hotspot\src\share\vm\prims\jni.cpp, line 709]
Event: 203.911 Thread 0x0000000001d4d800 Exception <a 'java/io/IOException'> (0x00000000ebc58b18) thrown at [C:\re\workspace\8-2-build-windows-amd64-cygwin\jdk8u60\4407\hotspot\src\share\vm\prims\jni.cpp, line 709]

Events (10 events):
Event: 201.775 loading class java/io/InterruptedIOException
Event: 202.526 loading class java/io/InterruptedIOException done
Event: 202.529 loading class java/lang/Throwable$WrappedPrintStream
Event: 203.075 loading class java/lang/Throwable$PrintStreamOrWriter
Event: 203.075 loading class java/lang/Throwable$PrintStreamOrWriter done
Event: 203.075 loading class java/lang/Throwable$WrappedPrintStream done
Event: 203.075 loading class java/util/IdentityHashMap
Event: 203.194 loading class java/util/IdentityHashMap done
Event: 203.194 loading class java/util/IdentityHashMap$KeySet
Event: 203.907 loading class java/util/IdentityHashMap$KeySet done


Dynamic libraries:
0x000000013fb70000 - 0x000000013fba7000 	C:\Program Files\Java\jdk1.8.0_60\bin\java.exe
0x0000000077060000 - 0x000000007720a000 	C:\Windows\SYSTEM32\ntdll.dll
0x0000000076f40000 - 0x000000007705f000 	C:\Windows\system32\kernel32.dll
0x000007fefd0d0000 - 0x000007fefd13b000 	C:\Windows\system32\KERNELBASE.dll
0x000007fefd9d0000 - 0x000007fefdaab000 	C:\Windows\system32\ADVAPI32.dll
0x000007fefd240000 - 0x000007fefd2df000 	C:\Windows\system32\msvcrt.dll
0x000007fefd9b0000 - 0x000007fefd9cf000 	C:\Windows\SYSTEM32\sechost.dll
0x000007fefea10000 - 0x000007fefeb3d000 	C:\Windows\system32\RPCRT4.dll
0x0000000076e40000 - 0x0000000076f3a000 	C:\Windows\system32\USER32.dll
0x000007fefe990000 - 0x000007fefe9f7000 	C:\Windows\system32\GDI32.dll
0x000007fefd670000 - 0x000007fefd67e000 	C:\Windows\system32\LPK.dll
0x000007fefeed0000 - 0x000007fefef9a000 	C:\Windows\system32\USP10.dll
0x000007fefb6f0000 - 0x000007fefb8e4000 	C:\Windows\WinSxS\amd64_microsoft.windows.common-controls_6595b64144ccf1df_6.0.7601.18837_none_fa3b1e3d17594757\COMCTL32.dll
0x000007fefd5f0000 - 0x000007fefd661000 	C:\Windows\system32\SHLWAPI.dll
0x000007fefefa0000 - 0x000007fefefce000 	C:\Windows\system32\IMM32.DLL
0x000007fefedc0000 - 0x000007fefeec9000 	C:\Windows\system32\MSCTF.dll
0x00000000733c0000 - 0x0000000073492000 	C:\Program Files\Java\jdk1.8.0_60\jre\bin\msvcr100.dll
0x000000006eee0000 - 0x000000006f769000 	C:\Program Files\Java\jdk1.8.0_60\jre\bin\server\jvm.dll
0x000007fef5740000 - 0x000007fef5749000 	C:\Windows\system32\WSOCK32.dll
0x000007fefe840000 - 0x000007fefe88d000 	C:\Windows\system32\WS2_32.dll
0x000007fefea00000 - 0x000007fefea08000 	C:\Windows\system32\NSI.dll
0x000007fef9920000 - 0x000007fef995b000 	C:\Windows\system32\WINMM.dll
0x000007fefbed0000 - 0x000007fefbedc000 	C:\Windows\system32\VERSION.dll
0x0000000077220000 - 0x0000000077227000 	C:\Windows\system32\PSAPI.DLL
0x00000000733b0000 - 0x00000000733bf000 	C:\Program Files\Java\jdk1.8.0_60\jre\bin\verify.dll
0x0000000073380000 - 0x00000000733a9000 	C:\Program Files\Java\jdk1.8.0_60\jre\bin\java.dll
0x0000000073360000 - 0x0000000073376000 	C:\Program Files\Java\jdk1.8.0_60\jre\bin\zip.dll
0x000007fefdab0000 - 0x000007fefe83a000 	C:\Windows\system32\SHELL32.dll
0x000007feff160000 - 0x000007feff363000 	C:\Windows\system32\ole32.dll
0x000007fefcde0000 - 0x000007fefcdef000 	C:\Windows\system32\profapi.dll

VM Arguments:
java_command: experimenT.AVLTree 95
java_class_path (initial): C:\Users\Klant\workspace11\project12\bin\
Launcher Type: SUN_STANDARD

Environment Variables:



---------------  S Y S T E M  ---------------

OS:Failed to allocate version_info

CPU:total 4 (2 cores per cpu, 2 threads per core) family 6 model 37 stepping 5, cmov, cx8, fxsr, mmx, sse, sse2, sse3, ssse3, sse4.1, sse4.2, popcnt, aes, clmul, ht, tsc, tscinvbit

Memory: 4k page, physical 3987284k(209716k free), swap 15947300k(4920k free)

vm_info: Java HotSpot(TM) 64-Bit Server VM (25.60-b23) for windows-amd64 JRE (1.8.0_60-b27), built on Aug  4 2015 11:06:27 by "java_re" with MS VC++ 10.0 (VS2010)

time: Thu Mar 31 15:56:42 2016
elapsed time: 204 seconds (0d 0h 3m 24s)

