#
# There is insufficient memory for the Java Runtime Environment to continue.
# Native memory allocation (malloc) failed to allocate 32744 bytes for ChunkPool::allocate
# Possible reasons:
#   The system is out of physical RAM or swap space
#   In 32 bit mode, the process size limit was hit
# Possible solutions:
#   Reduce memory load on the system
#   Increase physical memory or swap space
#   Check if swap backing store is full
#   Use 64 bit Java on a 64 bit OS
#   Decrease Java heap size (-Xmx/-Xms)
#   Decrease number of Java threads
#   Decrease Java thread stack sizes (-Xss)
#   Set larger code cache with -XX:ReservedCodeCacheSize=
# This output file may be truncated or incomplete.
#
#  Out of Memory Error (allocation.cpp:273), pid=11028, tid=4304
#
# JRE version: Java(TM) SE Runtime Environment (8.0_60-b27) (build 1.8.0_60-b27)
# Java VM: Java HotSpot(TM) 64-Bit Server VM (25.60-b23 mixed mode windows-amd64 compressed oops)
# Failed to write core dump. Minidumps are not enabled by default on client versions of Windows
#

---------------  T H R E A D  ---------------

Current thread (0x00000000569c7000):  JavaThread "C1 CompilerThread2" daemon [_thread_in_native, id=4304, stack(0x00000000570e0000,0x00000000571e0000)]

Stack: [0x00000000570e0000,0x00000000571e0000]
[error occurred during error reporting (printing stack bounds), id 0xc0000005]

Native frames: (J=compiled Java code, j=interpreted, Vv=VM code, C=native code)


Current CompileTask:
C1: 214522   33       3      
[error occurred during error reporting (printing current compile task), id 0xe0000001]


---------------  P R O C E S S  ---------------

Java Threads: ( => current thread )
  0x00000000569cb000 JavaThread "Service Thread" daemon [_thread_blocked, id=4804, stack(0x0000000056d70000,0x0000000056e70000)]
=>0x00000000569c7000 JavaThread "C1 CompilerThread2" daemon [_thread_in_native, id=4304, stack(0x00000000570e0000,0x00000000571e0000)]
  0x00000000569c6000 JavaThread "C2 CompilerThread1" daemon [_thread_blocked, id=9748, stack(0x0000000056f10000,0x0000000057010000)]
  0x00000000551f6800 JavaThread "C2 CompilerThread0" daemon [_thread_blocked, id=3316, stack(0x0000000056870000,0x0000000056970000)]
  0x00000000551f3000 JavaThread "Attach Listener" daemon [_thread_blocked, id=3176, stack(0x0000000056740000,0x0000000056840000)]
  0x00000000551f0800 JavaThread "Signal Dispatcher" daemon [_thread_blocked, id=4324, stack(0x0000000056560000,0x0000000056660000)]
  0x0000000055196800 JavaThread "Finalizer" daemon [_thread_blocked, id=4792, stack(0x0000000056030000,0x0000000056130000)]
  0x000000005518f800 JavaThread "Reference Handler" daemon [_thread_blocked, id=8652, stack(0x0000000056380000,0x0000000056480000)]
  0x000000000231d800 JavaThread "main" [_thread_in_native, id=11060, stack(0x0000000002670000,0x0000000002770000)]

Other Threads:
  0x000000005518a000 VMThread [stack: 0x00000000561a0000,0x00000000562a0000] [id=8708]
  0x00000000569d9000 WatcherThread [stack: 0x00000000573a0000,0x00000000574a0000] [id=6236]

VM state:not at safepoint (normal execution)

VM Mutex/Monitor currently owned by a thread: None

Heap:
 PSYoungGen      total 18432K, used 1270K [0x00000000ebb80000, 0x00000000ed000000, 0x0000000100000000)
  eden space 15872K, 8% used [0x00000000ebb80000,0x00000000ebcbd950,0x00000000ecb00000)
  from space 2560K, 0% used [0x00000000ecd80000,0x00000000ecd80000,0x00000000ed000000)
  to   space 2560K, 0% used [0x00000000ecb00000,0x00000000ecb00000,0x00000000ecd80000)
 ParOldGen       total 42496K, used 0K [0x00000000c3200000, 0x00000000c5b80000, 0x00000000ebb80000)
  object space 42496K, 0% used [0x00000000c3200000,0x00000000c3200000,0x00000000c5b80000)
 Metaspace       used 2614K, capacity 4562K, committed 4864K, reserved 1056768K
  class space    used 285K, capacity 386K, committed 512K, reserved 1048576K

Card table byte_map: [0x0000000011e00000,0x0000000011ff0000] byte_map_base: 0x00000000117e7000

Marking Bits: (ParMarkBitMap*) 0x000000006f6ea5b0
 Begin Bits: [0x00000000127a0000, 0x00000000136d8000)
 End Bits:   [0x00000000136d8000, 0x0000000014610000)

Polling page: 0x0000000000130000

CodeCache: size=245760Kb used=1105Kb max_used=1109Kb free=244654Kb
 bounds [0x0000000002a40000, 0x0000000002cb0000, 0x0000000011a40000]
 total_blobs=262 nmethods=32 adapters=145
 compilation: enabled

Compilation events (10 events):
Event: 181.742 Thread 0x00000000569c7000 nmethod 28 0x0000000002b54350 code [0x0000000002b544c0, 0x0000000002b54648]
Event: 207.549 Thread 0x00000000569c7000   29       3       java.lang.System::getSecurityManager (4 bytes)
Event: 207.549 Thread 0x00000000569c7000 nmethod 29 0x0000000002b54050 code [0x0000000002b541a0, 0x0000000002b542d0]
Event: 214.041 Thread 0x00000000569c7000   30       3       sun.nio.cs.SingleByte$Encoder::encode (32 bytes)
Event: 214.041 Thread 0x00000000569c7000 nmethod 30 0x0000000002b53b90 code [0x0000000002b53d00, 0x0000000002b53f10]
Event: 214.041 Thread 0x00000000569c7000   31       1       java.nio.Buffer::position (5 bytes)
Event: 214.041 Thread 0x00000000569c7000 nmethod 31 0x0000000002b538d0 code [0x0000000002b53a20, 0x0000000002b53b30]
Event: 214.042 Thread 0x00000000569c7000   32       1       java.nio.Buffer::limit (5 bytes)
Event: 214.042 Thread 0x00000000569c7000 nmethod 32 0x0000000002b53610 code [0x0000000002b53760, 0x0000000002b53870]
Event: 214.044 Thread 0x00000000569c7000   33       3       experimenT.AVLTree::functionF (60 bytes)

GC Heap History (0 events):
No events

Deoptimization events (0 events):
No events

Internal exceptions (10 events):
Event: 214.043 Thread 0x000000000231d800 Exception <a 'java/io/IOException'> (0x00000000ebc512a0) thrown at [C:\re\workspace\8-2-build-windows-amd64-cygwin\jdk8u60\4407\hotspot\src\share\vm\prims\jni.cpp, line 709]
Event: 214.043 Thread 0x000000000231d800 Exception <a 'java/io/IOException'> (0x00000000ebc51530) thrown at [C:\re\workspace\8-2-build-windows-amd64-cygwin\jdk8u60\4407\hotspot\src\share\vm\prims\jni.cpp, line 709]
Event: 214.043 Thread 0x000000000231d800 Exception <a 'java/io/IOException'> (0x00000000ebc517c0) thrown at [C:\re\workspace\8-2-build-windows-amd64-cygwin\jdk8u60\4407\hotspot\src\share\vm\prims\jni.cpp, line 709]
Event: 214.043 Thread 0x000000000231d800 Exception <a 'java/io/IOException'> (0x00000000ebc51a20) thrown at [C:\re\workspace\8-2-build-windows-amd64-cygwin\jdk8u60\4407\hotspot\src\share\vm\prims\jni.cpp, line 709]
Event: 214.043 Thread 0x000000000231d800 Exception <a 'java/io/IOException'> (0x00000000ebc51cb0) thrown at [C:\re\workspace\8-2-build-windows-amd64-cygwin\jdk8u60\4407\hotspot\src\share\vm\prims\jni.cpp, line 709]
Event: 214.043 Thread 0x000000000231d800 Exception <a 'java/io/IOException'> (0x00000000ebc51f40) thrown at [C:\re\workspace\8-2-build-windows-amd64-cygwin\jdk8u60\4407\hotspot\src\share\vm\prims\jni.cpp, line 709]
Event: 214.044 Thread 0x000000000231d800 Exception <a 'java/io/IOException'> (0x00000000ebc521a0) thrown at [C:\re\workspace\8-2-build-windows-amd64-cygwin\jdk8u60\4407\hotspot\src\share\vm\prims\jni.cpp, line 709]
Event: 214.044 Thread 0x000000000231d800 Exception <a 'java/io/IOException'> (0x00000000ebc52430) thrown at [C:\re\workspace\8-2-build-windows-amd64-cygwin\jdk8u60\4407\hotspot\src\share\vm\prims\jni.cpp, line 709]
Event: 214.044 Thread 0x000000000231d800 Exception <a 'java/io/IOException'> (0x00000000ebc526c0) thrown at [C:\re\workspace\8-2-build-windows-amd64-cygwin\jdk8u60\4407\hotspot\src\share\vm\prims\jni.cpp, line 709]
Event: 214.044 Thread 0x000000000231d800 Exception <a 'java/io/IOException'> (0x00000000ebc52920) thrown at [C:\re\workspace\8-2-build-windows-amd64-cygwin\jdk8u60\4407\hotspot\src\share\vm\prims\jni.cpp, line 709]

Events (10 events):
Event: 204.386 loading class java/io/FileWriter
Event: 204.570 loading class java/io/FileWriter done
Event: 204.570 loading class java/util/concurrent/ConcurrentHashMap$ForwardingNode
Event: 204.570 loading class java/util/concurrent/ConcurrentHashMap$ForwardingNode done
Event: 204.571 loading class java/lang/Void
Event: 204.800 loading class java/lang/Void done
Event: 205.642 loading class experimenT/AVLTree$AVLTreeNode
Event: 205.642 loading class experimenT/AVLTree$AVLTreeNode done
Event: 208.105 loading class java/io/InterruptedIOException
Event: 208.398 loading class java/io/InterruptedIOException done


Dynamic libraries:
0x000000013fb70000 - 0x000000013fba7000 	C:\Program Files\Java\jdk1.8.0_60\bin\java.exe
0x0000000077060000 - 0x000000007720a000 	C:\Windows\SYSTEM32\ntdll.dll
0x0000000076f40000 - 0x000000007705f000 	C:\Windows\system32\kernel32.dll
0x000007fefd0d0000 - 0x000007fefd13b000 	C:\Windows\system32\KERNELBASE.dll
0x000007fefd9d0000 - 0x000007fefdaab000 	C:\Windows\system32\ADVAPI32.dll
0x000007fefd240000 - 0x000007fefd2df000 	C:\Windows\system32\msvcrt.dll
0x000007fefd9b0000 - 0x000007fefd9cf000 	C:\Windows\SYSTEM32\sechost.dll
0x000007fefea10000 - 0x000007fefeb3d000 	C:\Windows\system32\RPCRT4.dll
0x0000000076e40000 - 0x0000000076f3a000 	C:\Windows\system32\USER32.dll
0x000007fefe990000 - 0x000007fefe9f7000 	C:\Windows\system32\GDI32.dll
0x000007fefd670000 - 0x000007fefd67e000 	C:\Windows\system32\LPK.dll
0x000007fefeed0000 - 0x000007fefef9a000 	C:\Windows\system32\USP10.dll
0x000007fefb6f0000 - 0x000007fefb8e4000 	C:\Windows\WinSxS\amd64_microsoft.windows.common-controls_6595b64144ccf1df_6.0.7601.18837_none_fa3b1e3d17594757\COMCTL32.dll
0x000007fefd5f0000 - 0x000007fefd661000 	C:\Windows\system32\SHLWAPI.dll
0x000007fefefa0000 - 0x000007fefefce000 	C:\Windows\system32\IMM32.DLL
0x000007fefedc0000 - 0x000007fefeec9000 	C:\Windows\system32\MSCTF.dll
0x00000000733c0000 - 0x0000000073492000 	C:\Program Files\Java\jdk1.8.0_60\jre\bin\msvcr100.dll
0x000000006eee0000 - 0x000000006f769000 	C:\Program Files\Java\jdk1.8.0_60\jre\bin\server\jvm.dll
0x000007fef5740000 - 0x000007fef5749000 	C:\Windows\system32\WSOCK32.dll
0x000007fefe840000 - 0x000007fefe88d000 	C:\Windows\system32\WS2_32.dll
0x000007fefea00000 - 0x000007fefea08000 	C:\Windows\system32\NSI.dll
0x000007fef9920000 - 0x000007fef995b000 	C:\Windows\system32\WINMM.dll
0x000007fefbed0000 - 0x000007fefbedc000 	C:\Windows\system32\VERSION.dll
0x0000000077220000 - 0x0000000077227000 	C:\Windows\system32\PSAPI.DLL
0x00000000733b0000 - 0x00000000733bf000 	C:\Program Files\Java\jdk1.8.0_60\jre\bin\verify.dll
0x0000000073380000 - 0x00000000733a9000 	C:\Program Files\Java\jdk1.8.0_60\jre\bin\java.dll
0x0000000073360000 - 0x0000000073376000 	C:\Program Files\Java\jdk1.8.0_60\jre\bin\zip.dll
0x000007fefdab0000 - 0x000007fefe83a000 	C:\Windows\system32\SHELL32.dll
0x000007feff160000 - 0x000007feff363000 	C:\Windows\system32\ole32.dll
0x000007fefcde0000 - 0x000007fefcdef000 	C:\Windows\system32\profapi.dll

VM Arguments:
java_command: experimenT.AVLTree 102
java_class_path (initial): C:\Users\Klant\workspace11\project12\bin\
Launcher Type: SUN_STANDARD

Environment Variables:
PATH=C:\ProgramData\Oracle\Java\javapath;C:\Windows\system32;C:\Windows;C:\Windows\System32\Wbem;C:\Windows\System32\WindowsPowerShell\v1.0\;C:\Program Files\Intel\DMIX;C:\Program Files\Intel\WiFi\bin\;C:\Program Files\Common Files\Intel\WirelessCommon\;C:\Takipi\lib;C:\Takipi\lib32;C:\Users\Klant\boundt;C:\Users\Klant\Downloads\tptpdc.all_platforms-TPTP-4.1.0\tptp\tptpdc\win_ia32\bin;C:\Program Files (x86)\Skype\Phone\;C:\Program Files\Java\jdk1.8.0_60\bin;C:\Users\Klant\Downloads\major-1.1.6_jre7\major\bin;C:\Program Files\Intel\WiFi\bin\;C:\Program Files\Common Files\Intel\WirelessCommon\
USERNAME=Klant
OS=Windows_NT
PROCESSOR_IDENTIFIER=Intel64 Family 6 Model 37 Stepping 5, GenuineIntel



---------------  S Y S T E M  ---------------

OS: Windows 7 , 64 bit Build 7601 (6.1.7601.19160)

CPU:total 4 (2 cores per cpu, 2 threads per core) family 6 model 37 stepping 5, cmov, cx8, fxsr, mmx, sse, sse2, sse3, ssse3, sse4.1, sse4.2, popcnt, aes, clmul, ht, tsc, tscinvbit

Memory: 4k page, physical 3987284k(205620k free), swap 15947300k(398588k free)

vm_info: Java HotSpot(TM) 64-Bit Server VM (25.60-b23) for windows-amd64 JRE (1.8.0_60-b27), built on Aug  4 2015 11:06:27 by "java_re" with MS VC++ 10.0 (VS2010)

time: Thu Mar 31 15:56:49 2016
elapsed time: 216 seconds (0d 0h 3m 36s)

