#
# There is insufficient memory for the Java Runtime Environment to continue.
# Native memory allocation (malloc) failed to allocate 32744 bytes for ChunkPool::allocate
# Possible reasons:
#   The system is out of physical RAM or swap space
#   In 32 bit mode, the process size limit was hit
# Possible solutions:
#   Reduce memory load on the system
#   Increase physical memory or swap space
#   Check if swap backing store is full
#   Use 64 bit Java on a 64 bit OS
#   Decrease Java heap size (-Xmx/-Xms)
#   Decrease number of Java threads
#   Decrease Java thread stack sizes (-Xss)
#   Set larger code cache with -XX:ReservedCodeCacheSize=
# This output file may be truncated or incomplete.
#
#  Out of Memory Error (allocation.cpp:273), pid=6276, tid=10408
#
# JRE version:  (8.0_60-b27) (build )
# Java VM: Java HotSpot(TM) 64-Bit Server VM (25.60-b23 mixed mode windows-amd64 compressed oops)
# Failed to write core dump. Minidumps are not enabled by default on client versions of Windows
#

---------------  T H R E A D  ---------------

Current thread (0x000000000228d800):  JavaThread "Unknown thread" [_thread_in_vm, id=10408, stack(0x00000000024b0000,0x00000000025b0000)]

Stack: [0x00000000024b0000,0x00000000025b0000]
Native frames: (J=compiled Java code, j=interpreted, Vv=VM code, C=native code)


---------------  P R O C E S S  ---------------

Java Threads: ( => current thread )

Other Threads:

=>0x000000000228d800 (exited) JavaThread "Unknown thread" [_thread_in_vm, id=10408, stack(0x00000000024b0000,0x00000000025b0000)]

VM state:not at safepoint (not fully initialized)

VM Mutex/Monitor currently owned by a thread: None

Deoptimization events (0 events):
No events

Internal exceptions (0 events):
No events

Events (0 events):
No events


Dynamic libraries:
0x000000013fb70000 - 0x000000013fba7000 	C:\Program Files\Java\jdk1.8.0_60\bin\java.exe
0x0000000077060000 - 0x000000007720a000 	C:\Windows\SYSTEM32\ntdll.dll
0x0000000076f40000 - 0x000000007705f000 	C:\Windows\system32\kernel32.dll
0x000007fefd0d0000 - 0x000007fefd13b000 	C:\Windows\system32\KERNELBASE.dll
0x000007fefd9d0000 - 0x000007fefdaab000 	C:\Windows\system32\ADVAPI32.dll
0x000007fefd240000 - 0x000007fefd2df000 	C:\Windows\system32\msvcrt.dll
0x000007fefd9b0000 - 0x000007fefd9cf000 	C:\Windows\SYSTEM32\sechost.dll
0x000007fefea10000 - 0x000007fefeb3d000 	C:\Windows\system32\RPCRT4.dll
0x0000000076e40000 - 0x0000000076f3a000 	C:\Windows\system32\USER32.dll
0x000007fefe990000 - 0x000007fefe9f7000 	C:\Windows\system32\GDI32.dll
0x000007fefd670000 - 0x000007fefd67e000 	C:\Windows\system32\LPK.dll
0x000007fefeed0000 - 0x000007fefef9a000 	C:\Windows\system32\USP10.dll
0x000007fefb6f0000 - 0x000007fefb8e4000 	C:\Windows\WinSxS\amd64_microsoft.windows.common-controls_6595b64144ccf1df_6.0.7601.18837_none_fa3b1e3d17594757\COMCTL32.dll
0x000007fefd5f0000 - 0x000007fefd661000 	C:\Windows\system32\SHLWAPI.dll
0x000007fefefa0000 - 0x000007fefefce000 	C:\Windows\system32\IMM32.DLL
0x000007fefedc0000 - 0x000007fefeec9000 	C:\Windows\system32\MSCTF.dll
0x00000000733c0000 - 0x0000000073492000 	C:\Program Files\Java\jdk1.8.0_60\jre\bin\msvcr100.dll
0x000000006eee0000 - 0x000000006f769000 	C:\Program Files\Java\jdk1.8.0_60\jre\bin\server\jvm.dll
0x000007fef5740000 - 0x000007fef5749000 	C:\Windows\system32\WSOCK32.dll
0x000007fefe840000 - 0x000007fefe88d000 	C:\Windows\system32\WS2_32.dll
0x000007fefea00000 - 0x000007fefea08000 	C:\Windows\system32\NSI.dll
0x000007fef9920000 - 0x000007fef995b000 	C:\Windows\system32\WINMM.dll
0x000007fefbed0000 - 0x000007fefbedc000 	C:\Windows\system32\VERSION.dll
0x0000000077220000 - 0x0000000077227000 	C:\Windows\system32\PSAPI.DLL
0x00000000733b0000 - 0x00000000733bf000 	C:\Program Files\Java\jdk1.8.0_60\jre\bin\verify.dll
0x0000000073380000 - 0x00000000733a9000 	C:\Program Files\Java\jdk1.8.0_60\jre\bin\java.dll

VM Arguments:
java_command: experimenT.AVLTree 46
java_class_path (initial): C:\Users\Klant\workspace11\project12\bin\
Launcher Type: SUN_STANDARD

Environment Variables:
PATH=C:\ProgramData\Oracle\Java\javapath;C:\Windows\system32;C:\Windows;C:\Windows\System32\Wbem;C:\Windows\System32\WindowsPowerShell\v1.0\;C:\Program Files\Intel\DMIX;C:\Program Files\Intel\WiFi\bin\;C:\Program Files\Common Files\Intel\WirelessCommon\;C:\Takipi\lib;C:\Takipi\lib32;C:\Users\Klant\boundt;C:\Users\Klant\Downloads\tptpdc.all_platforms-TPTP-4.1.0\tptp\tptpdc\win_ia32\bin;C:\Program Files (x86)\Skype\Phone\;C:\Program Files\Java\jdk1.8.0_60\bin;C:\Users\Klant\Downloads\major-1.1.6_jre7\major\bin;C:\Program Files\Intel\WiFi\bin\;C:\Program Files\Common Files\Intel\WirelessCommon\
USERNAME=Klant
OS=Windows_NT
PROCESSOR_IDENTIFIER=Intel64 Family 6 Model 37 Stepping 5, GenuineIntel



---------------  S Y S T E M  ---------------

OS: Windows 7 , 64 bit Build 7601 (6.1.7601.19160)

CPU:total 4 

Memory: 4k page, physical 3987284k(203428k free), swap 15947300k(268200k free)

vm_info: Java HotSpot(TM) 64-Bit Server VM (25.60-b23) for windows-amd64 JRE (1.8.0_60-b27), built on Aug  4 2015 11:06:27 by "java_re" with MS VC++ 10.0 (VS2010)

time: Thu Mar 31 15:56:48 2016
elapsed time: 172 seconds (0d 0h 2m 52s)

