#
# There is insufficient memory for the Java Runtime Environment to continue.
# Native memory allocation (malloc) failed to allocate 32744 bytes for ChunkPool::allocate
# Possible reasons:
#   The system is out of physical RAM or swap space
#   In 32 bit mode, the process size limit was hit
# Possible solutions:
#   Reduce memory load on the system
#   Increase physical memory or swap space
#   Check if swap backing store is full
#   Use 64 bit Java on a 64 bit OS
#   Decrease Java heap size (-Xmx/-Xms)
#   Decrease number of Java threads
#   Decrease Java thread stack sizes (-Xss)
#   Set larger code cache with -XX:ReservedCodeCacheSize=
# This output file may be truncated or incomplete.
#
#  Out of Memory Error (allocation.cpp:273), pid=4304, tid=7728
#
# JRE version: Java(TM) SE Runtime Environment (8.0_60-b27) (build 1.8.0_60-b27)
# Java VM: Java HotSpot(TM) 64-Bit Server VM (25.60-b23 mixed mode windows-amd64 compressed oops)
# Failed to write core dump. Minidumps are not enabled by default on client versions of Windows
#

---------------  T H R E A D  ---------------

Current thread (0x0000000054fdb000):  JavaThread "C1 CompilerThread2" daemon [_thread_in_native, id=7728, stack(0x00000000569b0000,0x0000000056ab0000)]

Stack: [0x00000000569b0000,0x0000000056ab0000]
[error occurred during error reporting (printing stack bounds), id 0xc0000005]

Native frames: (J=compiled Java code, j=interpreted, Vv=VM code, C=native code)


Current CompileTask:
C1:  35226  100       3       experimenT.minesweeper::getBoard (470 bytes)


---------------  P R O C E S S  ---------------

Java Threads: ( => current thread )
  0x0000000054fde800 JavaThread "Service Thread" daemon [_thread_blocked, id=7736, stack(0x0000000057020000,0x0000000057120000)]
=>0x0000000054fdb000 JavaThread "C1 CompilerThread2" daemon [_thread_in_native, id=7728, stack(0x00000000569b0000,0x0000000056ab0000)]
  0x0000000054fda000 JavaThread "C2 CompilerThread1" daemon [_thread_blocked, id=11240, stack(0x00000000563e0000,0x00000000564e0000)]
  0x0000000054fd6000 JavaThread "C2 CompilerThread0" daemon [_thread_blocked, id=5824, stack(0x0000000056890000,0x0000000056990000)]
  0x0000000054fd2800 JavaThread "Attach Listener" daemon [_thread_blocked, id=5820, stack(0x0000000056740000,0x0000000056840000)]
  0x0000000054fd0800 JavaThread "Signal Dispatcher" daemon [_thread_blocked, id=4600, stack(0x0000000056580000,0x0000000056680000)]
  0x0000000054f76800 JavaThread "Finalizer" daemon [_thread_blocked, id=6052, stack(0x0000000056290000,0x0000000056390000)]
  0x0000000054f6f800 JavaThread "Reference Handler" daemon [_thread_blocked, id=3140, stack(0x00000000560c0000,0x00000000561c0000)]
  0x000000000238d800 JavaThread "main" [_thread_in_native, id=8116, stack(0x00000000025f0000,0x00000000026f0000)]

Other Threads:
  0x0000000054f69800 VMThread [stack: 0x0000000055fa0000,0x00000000560a0000] [id=2804]
  0x0000000056b33000 WatcherThread [stack: 0x00000000571c0000,0x00000000572c0000] [id=10588]

VM state:not at safepoint (normal execution)

VM Mutex/Monitor currently owned by a thread: None

Heap:
 PSYoungGen      total 18432K, used 4128K [0x00000000ebb80000, 0x00000000ed000000, 0x0000000100000000)
  eden space 15872K, 26% used [0x00000000ebb80000,0x00000000ebf88008,0x00000000ecb00000)
  from space 2560K, 0% used [0x00000000ecd80000,0x00000000ecd80000,0x00000000ed000000)
  to   space 2560K, 0% used [0x00000000ecb00000,0x00000000ecb00000,0x00000000ecd80000)
 ParOldGen       total 42496K, used 0K [0x00000000c3200000, 0x00000000c5b80000, 0x00000000ebb80000)
  object space 42496K, 0% used [0x00000000c3200000,0x00000000c3200000,0x00000000c5b80000)
 Metaspace       used 2665K, capacity 4498K, committed 4864K, reserved 1056768K
  class space    used 287K, capacity 386K, committed 512K, reserved 1048576K

Card table byte_map: [0x0000000011d80000,0x0000000011f70000] byte_map_base: 0x0000000011767000

Marking Bits: (ParMarkBitMap*) 0x00000000711fa5b0
 Begin Bits: [0x0000000012580000, 0x00000000134b8000)
 End Bits:   [0x00000000134b8000, 0x00000000143f0000)

Polling page: 0x0000000000230000

CodeCache: size=245760Kb used=1249Kb max_used=1249Kb free=244510Kb
 bounds [0x00000000029c0000, 0x0000000002c30000, 0x00000000119c0000]
 total_blobs=332 nmethods=99 adapters=148
 compilation: enabled

Compilation events (10 events):
Event: 35.004 Thread 0x0000000054fdb000 nmethod 95 0x0000000002af7190 code [0x0000000002af7300, 0x0000000002af7550]
Event: 35.005 Thread 0x0000000054fdb000   97       3       java.lang.String::<init> (82 bytes)
Event: 35.005 Thread 0x0000000054fdb000 nmethod 97 0x0000000002af6850 code [0x0000000002af6a20, 0x0000000002af6f18]
Event: 35.005 Thread 0x0000000054fdb000   96       3       java.lang.StringBuilder::toString (17 bytes)
Event: 35.006 Thread 0x0000000054fdb000 nmethod 96 0x0000000002af6450 code [0x0000000002af65c0, 0x0000000002af67a8]
Event: 35.007 Thread 0x0000000054fdb000   98       3       java.lang.String::toString (2 bytes)
Event: 35.007 Thread 0x0000000054fdb000 nmethod 98 0x0000000002af6150 code [0x0000000002af62a0, 0x0000000002af63f0]
Event: 35.007 Thread 0x0000000054fdb000   99       3       java.lang.StringBuilder::<init> (18 bytes)
Event: 35.008 Thread 0x0000000054fdb000 nmethod 99 0x0000000002af8690 code [0x0000000002af8820, 0x0000000002af8cc8]
Event: 35.213 Thread 0x0000000054fdb000  100       3       experimenT.minesweeper::getBoard (470 bytes)

GC Heap History (0 events):
No events

Deoptimization events (0 events):
No events

Internal exceptions (10 events):
Event: 35.212 Thread 0x000000000238d800 Exception <a 'java/io/IOException'> (0x00000000ebf4ed18) thrown at [C:\re\workspace\8-2-build-windows-amd64-cygwin\jdk8u60\4407\hotspot\src\share\vm\prims\jni.cpp, line 709]
Event: 35.212 Thread 0x000000000238d800 Exception <a 'java/io/IOException'> (0x00000000ebf4efd8) thrown at [C:\re\workspace\8-2-build-windows-amd64-cygwin\jdk8u60\4407\hotspot\src\share\vm\prims\jni.cpp, line 709]
Event: 35.212 Thread 0x000000000238d800 Exception <a 'java/io/IOException'> (0x00000000ebf4f268) thrown at [C:\re\workspace\8-2-build-windows-amd64-cygwin\jdk8u60\4407\hotspot\src\share\vm\prims\jni.cpp, line 709]
Event: 35.212 Thread 0x000000000238d800 Exception <a 'java/io/IOException'> (0x00000000ebf4f4c8) thrown at [C:\re\workspace\8-2-build-windows-amd64-cygwin\jdk8u60\4407\hotspot\src\share\vm\prims\jni.cpp, line 709]
Event: 35.212 Thread 0x000000000238d800 Exception <a 'java/io/IOException'> (0x00000000ebf4f788) thrown at [C:\re\workspace\8-2-build-windows-amd64-cygwin\jdk8u60\4407\hotspot\src\share\vm\prims\jni.cpp, line 709]
Event: 35.212 Thread 0x000000000238d800 Exception <a 'java/io/IOException'> (0x00000000ebf4fa18) thrown at [C:\re\workspace\8-2-build-windows-amd64-cygwin\jdk8u60\4407\hotspot\src\share\vm\prims\jni.cpp, line 709]
Event: 35.212 Thread 0x000000000238d800 Exception <a 'java/io/IOException'> (0x00000000ebf4fc78) thrown at [C:\re\workspace\8-2-build-windows-amd64-cygwin\jdk8u60\4407\hotspot\src\share\vm\prims\jni.cpp, line 709]
Event: 35.212 Thread 0x000000000238d800 Exception <a 'java/io/IOException'> (0x00000000ebf4ff38) thrown at [C:\re\workspace\8-2-build-windows-amd64-cygwin\jdk8u60\4407\hotspot\src\share\vm\prims\jni.cpp, line 709]
Event: 35.213 Thread 0x000000000238d800 Exception <a 'java/io/IOException'> (0x00000000ebf501c8) thrown at [C:\re\workspace\8-2-build-windows-amd64-cygwin\jdk8u60\4407\hotspot\src\share\vm\prims\jni.cpp, line 709]
Event: 35.213 Thread 0x000000000238d800 Exception <a 'java/io/IOException'> (0x00000000ebf50428) thrown at [C:\re\workspace\8-2-build-windows-amd64-cygwin\jdk8u60\4407\hotspot\src\share\vm\prims\jni.cpp, line 709]

Events (10 events):
Event: 0.156 loading class java/lang/Math$RandomNumberGeneratorHolder
Event: 0.156 loading class java/lang/Math$RandomNumberGeneratorHolder done
Event: 0.156 loading class java/util/Random
Event: 0.156 loading class java/util/Random done
Event: 0.156 loading class java/util/concurrent/atomic/AtomicLong
Event: 0.157 loading class java/util/concurrent/atomic/AtomicLong done
Event: 4.199 Executing VM operation: EnableBiasedLocking
Event: 4.199 Executing VM operation: EnableBiasedLocking done
Event: 34.763 loading class java/io/InterruptedIOException
Event: 34.763 loading class java/io/InterruptedIOException done


Dynamic libraries:
0x000000013f740000 - 0x000000013f777000 	C:\Program Files\Java\jdk1.8.0_60\bin\java.exe
0x0000000077710000 - 0x00000000778ba000 	C:\Windows\SYSTEM32\ntdll.dll
0x00000000775f0000 - 0x000000007770f000 	C:\Windows\system32\kernel32.dll
0x000007fefd680000 - 0x000007fefd6eb000 	C:\Windows\system32\KERNELBASE.dll
0x000007fefe3c0000 - 0x000007fefe49b000 	C:\Windows\system32\ADVAPI32.dll
0x000007fefe050000 - 0x000007fefe0ef000 	C:\Windows\system32\msvcrt.dll
0x000007feff970000 - 0x000007feff98f000 	C:\Windows\SYSTEM32\sechost.dll
0x000007fefe530000 - 0x000007fefe65d000 	C:\Windows\system32\RPCRT4.dll
0x00000000774f0000 - 0x00000000775ea000 	C:\Windows\system32\USER32.dll
0x000007feff9b0000 - 0x000007feffa17000 	C:\Windows\system32\GDI32.dll
0x000007fefe330000 - 0x000007fefe33e000 	C:\Windows\system32\LPK.dll
0x000007fefe7e0000 - 0x000007fefe8aa000 	C:\Windows\system32\USP10.dll
0x000007fefbdd0000 - 0x000007fefbfc4000 	C:\Windows\WinSxS\amd64_microsoft.windows.common-controls_6595b64144ccf1df_6.0.7601.18837_none_fa3b1e3d17594757\COMCTL32.dll
0x000007fefe340000 - 0x000007fefe3b1000 	C:\Windows\system32\SHLWAPI.dll
0x000007fefd850000 - 0x000007fefd87e000 	C:\Windows\system32\IMM32.DLL
0x000007fefdf40000 - 0x000007fefe049000 	C:\Windows\system32\MSCTF.dll
0x0000000072510000 - 0x00000000725e2000 	C:\Program Files\Java\jdk1.8.0_60\jre\bin\msvcr100.dll
0x00000000709f0000 - 0x0000000071279000 	C:\Program Files\Java\jdk1.8.0_60\jre\bin\server\jvm.dll
0x000007fef6a70000 - 0x000007fef6a79000 	C:\Windows\system32\WSOCK32.dll
0x000007fefe2e0000 - 0x000007fefe32d000 	C:\Windows\system32\WS2_32.dll
0x000007fefe4a0000 - 0x000007fefe4a8000 	C:\Windows\system32\NSI.dll
0x000007fefa180000 - 0x000007fefa1bb000 	C:\Windows\system32\WINMM.dll
0x000007fefc580000 - 0x000007fefc58c000 	C:\Windows\system32\VERSION.dll
0x00000000778e0000 - 0x00000000778e7000 	C:\Windows\system32\PSAPI.DLL
0x0000000074a60000 - 0x0000000074a6f000 	C:\Program Files\Java\jdk1.8.0_60\jre\bin\verify.dll
0x0000000074a30000 - 0x0000000074a59000 	C:\Program Files\Java\jdk1.8.0_60\jre\bin\java.dll
0x0000000073e60000 - 0x0000000073e76000 	C:\Program Files\Java\jdk1.8.0_60\jre\bin\zip.dll
0x000007fefebe0000 - 0x000007feff96a000 	C:\Windows\system32\SHELL32.dll
0x000007fefdb50000 - 0x000007fefdd53000 	C:\Windows\system32\ole32.dll
0x000007fefd4a0000 - 0x000007fefd4af000 	C:\Windows\system32\profapi.dll

VM Arguments:
java_command: experimenT.TestMineSweeper 1132
java_class_path (initial): C:\Users\Klant\workspace2\project18\bin\
Launcher Type: SUN_STANDARD

Environment Variables:



---------------  S Y S T E M  ---------------

OS: Windows 7 , 64 bit Build 7601 (6.1.7601.19135)

CPU:total 4 (2 cores per cpu, 2 threads per core) family 6 model 37 stepping 5, cmov, cx8, fxsr, mmx, sse, sse2, sse3, ssse3, sse4.1, sse4.2, popcnt, aes, clmul, ht, tsc, tscinvbit

Memory: 4k page, physical 3987284k(1241400k free), swap 15947300k(5116k free)

vm_info: Java HotSpot(TM) 64-Bit Server VM (25.60-b23) for windows-amd64 JRE (1.8.0_60-b27), built on Aug  4 2015 11:06:27 by "java_re" with MS VC++ 10.0 (VS2010)

time: Tue Mar 01 00:52:58 2016
elapsed time: 35 seconds (0d 0h 0m 35s)

