#
# There is insufficient memory for the Java Runtime Environment to continue.
# Native memory allocation (malloc) failed to allocate 32744 bytes for ChunkPool::allocate
# Possible reasons:
#   The system is out of physical RAM or swap space
#   In 32 bit mode, the process size limit was hit
# Possible solutions:
#   Reduce memory load on the system
#   Increase physical memory or swap space
#   Check if swap backing store is full
#   Use 64 bit Java on a 64 bit OS
#   Decrease Java heap size (-Xmx/-Xms)
#   Decrease number of Java threads
#   Decrease Java thread stack sizes (-Xss)
#   Set larger code cache with -XX:ReservedCodeCacheSize=
# This output file may be truncated or incomplete.
#
#  Out of Memory Error (allocation.cpp:273), pid=11088, tid=9972
#
# JRE version: Java(TM) SE Runtime Environment (8.0_60-b27) (build 1.8.0_60-b27)
# Java VM: Java HotSpot(TM) 64-Bit Server VM (25.60-b23 mixed mode windows-amd64 compressed oops)
# Failed to write core dump. Minidumps are not enabled by default on client versions of Windows
#

---------------  T H R E A D  ---------------

Current thread (0x0000000056a3b000):  JavaThread "C1 CompilerThread2" daemon [_thread_in_native, id=9972, stack(0x0000000056fb0000,0x00000000570b0000)]

Stack: [0x0000000056fb0000,0x00000000570b0000]
[error occurred during error reporting (printing stack bounds), id 0xc0000005]

Native frames: (J=compiled Java code, j=interpreted, Vv=VM code, C=native code)


Current CompileTask:
C1: 212337   33       3      
[error occurred during error reporting (printing current compile task), id 0xe0000001]


---------------  P R O C E S S  ---------------

Java Threads: ( => current thread )
  0x0000000056a3f000 JavaThread "Service Thread" daemon [_thread_blocked, id=5612, stack(0x00000000571a0000,0x00000000572a0000)]
=>0x0000000056a3b000 JavaThread "C1 CompilerThread2" daemon [_thread_in_native, id=9972, stack(0x0000000056fb0000,0x00000000570b0000)]
  0x0000000056a36000 JavaThread "C2 CompilerThread1" daemon [_thread_blocked, id=9740, stack(0x00000000567d0000,0x00000000568d0000)]
  0x0000000054f26800 JavaThread "C2 CompilerThread0" daemon [_thread_blocked, id=6472, stack(0x00000000568e0000,0x00000000569e0000)]
  0x0000000054f23000 JavaThread "Attach Listener" daemon [_thread_blocked, id=6176, stack(0x0000000056680000,0x0000000056780000)]
  0x0000000054f20800 JavaThread "Signal Dispatcher" daemon [_thread_blocked, id=1528, stack(0x00000000564d0000,0x00000000565d0000)]
  0x0000000054ec6800 JavaThread "Finalizer" daemon [_thread_blocked, id=2092, stack(0x00000000563c0000,0x00000000564c0000)]
  0x0000000054ebf800 JavaThread "Reference Handler" daemon [_thread_blocked, id=4768, stack(0x0000000056240000,0x0000000056340000)]
  0x00000000022cd800 JavaThread "main" [_thread_in_native, id=11116, stack(0x0000000002530000,0x0000000002630000)]

Other Threads:
  0x0000000054eba000 VMThread [stack: 0x0000000056070000,0x0000000056170000] [id=5364]
  0x0000000056a4c000 WatcherThread [stack: 0x0000000056df0000,0x0000000056ef0000] [id=9588]

VM state:not at safepoint (normal execution)

VM Mutex/Monitor currently owned by a thread: None

Heap:
 PSYoungGen      total 18432K, used 1270K [0x00000000ebb80000, 0x00000000ed000000, 0x0000000100000000)
  eden space 15872K, 8% used [0x00000000ebb80000,0x00000000ebcbd950,0x00000000ecb00000)
  from space 2560K, 0% used [0x00000000ecd80000,0x00000000ecd80000,0x00000000ed000000)
  to   space 2560K, 0% used [0x00000000ecb00000,0x00000000ecb00000,0x00000000ecd80000)
 ParOldGen       total 42496K, used 0K [0x00000000c3200000, 0x00000000c5b80000, 0x00000000ebb80000)
  object space 42496K, 0% used [0x00000000c3200000,0x00000000c3200000,0x00000000c5b80000)
 Metaspace       used 2614K, capacity 4562K, committed 4864K, reserved 1056768K
  class space    used 285K, capacity 386K, committed 512K, reserved 1048576K

Card table byte_map: [0x0000000011cc0000,0x0000000011eb0000] byte_map_base: 0x00000000116a7000

Marking Bits: (ParMarkBitMap*) 0x000000006f6ea5b0
 Begin Bits: [0x00000000124d0000, 0x0000000013408000)
 End Bits:   [0x0000000013408000, 0x0000000014340000)

Polling page: 0x0000000000330000

CodeCache: size=245760Kb used=1104Kb max_used=1109Kb free=244655Kb
 bounds [0x0000000002900000, 0x0000000002b70000, 0x0000000011900000]
 total_blobs=260 nmethods=30 adapters=145
 compilation: enabled

Compilation events (10 events):
Event: 162.382 Thread 0x0000000054f26800 nmethod 26 0x0000000002a152d0 code [0x0000000002a15420, 0x0000000002a154d8]
Event: 179.549 Thread 0x0000000056a3b000   27       3       java.lang.String::indexOf (7 bytes)
Event: 179.549 Thread 0x0000000056a3b000 nmethod 27 0x0000000002a146d0 code [0x0000000002a14840, 0x0000000002a14a48]
Event: 179.550 Thread 0x0000000056a3b000   28       3       java.lang.StringBuilder::append (8 bytes)
Event: 179.550 Thread 0x0000000056a3b000 nmethod 28 0x0000000002a14350 code [0x0000000002a144c0, 0x0000000002a14648]
Event: 205.365 Thread 0x0000000056a3b000   29       3       java.lang.System::getSecurityManager (4 bytes)
Event: 205.366 Thread 0x0000000056a3b000 nmethod 29 0x0000000002a14050 code [0x0000000002a141a0, 0x0000000002a142d0]
Event: 211.977 Thread 0x0000000056a3b000   30       3       sun.nio.cs.SingleByte$Encoder::encode (32 bytes)
Event: 211.977 Thread 0x0000000056a3b000 nmethod 30 0x0000000002a13b90 code [0x0000000002a13d00, 0x0000000002a13f10]
Event: 211.977 Thread 0x0000000056a3b000   33       3       experimenT.AVLTree::functionF (60 bytes)

GC Heap History (0 events):
No events

Deoptimization events (0 events):
No events

Internal exceptions (10 events):
Event: 211.975 Thread 0x00000000022cd800 Exception <a 'java/io/IOException': Write error> (0x00000000ebc5a640) thrown at [C:\re\workspace\8-2-build-windows-amd64-cygwin\jdk8u60\4407\hotspot\src\share\vm\prims\jni.cpp, line 735]
Event: 211.975 Thread 0x00000000022cd800 Exception <a 'java/io/IOException': Write error> (0x00000000ebc5a8b8) thrown at [C:\re\workspace\8-2-build-windows-amd64-cygwin\jdk8u60\4407\hotspot\src\share\vm\prims\jni.cpp, line 735]
Event: 211.976 Thread 0x00000000022cd800 Exception <a 'java/io/IOException': Write error> (0x00000000ebc5ab30) thrown at [C:\re\workspace\8-2-build-windows-amd64-cygwin\jdk8u60\4407\hotspot\src\share\vm\prims\jni.cpp, line 735]
Event: 211.976 Thread 0x00000000022cd800 Exception <a 'java/io/IOException': Write error> (0x00000000ebc5ad78) thrown at [C:\re\workspace\8-2-build-windows-amd64-cygwin\jdk8u60\4407\hotspot\src\share\vm\prims\jni.cpp, line 735]
Event: 211.976 Thread 0x00000000022cd800 Exception <a 'java/io/IOException': Write error> (0x00000000ebc5b090) thrown at [C:\re\workspace\8-2-build-windows-amd64-cygwin\jdk8u60\4407\hotspot\src\share\vm\prims\jni.cpp, line 735]
Event: 211.976 Thread 0x00000000022cd800 Exception <a 'java/io/IOException': Write error> (0x00000000ebc5b2d8) thrown at [C:\re\workspace\8-2-build-windows-amd64-cygwin\jdk8u60\4407\hotspot\src\share\vm\prims\jni.cpp, line 735]
Event: 211.976 Thread 0x00000000022cd800 Exception <a 'java/io/IOException': Write error> (0x00000000ebc5b550) thrown at [C:\re\workspace\8-2-build-windows-amd64-cygwin\jdk8u60\4407\hotspot\src\share\vm\prims\jni.cpp, line 735]
Event: 211.976 Thread 0x00000000022cd800 Exception <a 'java/io/IOException': Write error> (0x00000000ebc5b798) thrown at [C:\re\workspace\8-2-build-windows-amd64-cygwin\jdk8u60\4407\hotspot\src\share\vm\prims\jni.cpp, line 735]
Event: 211.977 Thread 0x00000000022cd800 Exception <a 'java/io/IOException': Write error> (0x00000000ebc5ba10) thrown at [C:\re\workspace\8-2-build-windows-amd64-cygwin\jdk8u60\4407\hotspot\src\share\vm\prims\jni.cpp, line 735]
Event: 211.977 Thread 0x00000000022cd800 Exception <a 'java/io/IOException': Write error> (0x00000000ebc5bc58) thrown at [C:\re\workspace\8-2-build-windows-amd64-cygwin\jdk8u60\4407\hotspot\src\share\vm\prims\jni.cpp, line 735]

Events (10 events):
Event: 204.865 loading class java/io/FileWriter done
Event: 204.865 loading class java/util/concurrent/ConcurrentHashMap$ForwardingNode
Event: 204.865 loading class java/util/concurrent/ConcurrentHashMap$ForwardingNode done
Event: 204.866 loading class java/lang/Void
Event: 204.866 loading class java/lang/Void done
Event: 205.123 loading class experimenT/AVLTree$AVLTreeNode
Event: 205.123 loading class experimenT/AVLTree$AVLTreeNode done
Event: 205.973 loading class java/io/InterruptedIOException
Event: 206.268 loading class java/io/InterruptedIOException done
Event: 211.977 loading class sun/misc/FloatingDecimal


Dynamic libraries:
0x000000013fb70000 - 0x000000013fba7000 	C:\Program Files\Java\jdk1.8.0_60\bin\java.exe
0x0000000077060000 - 0x000000007720a000 	C:\Windows\SYSTEM32\ntdll.dll
0x0000000076f40000 - 0x000000007705f000 	C:\Windows\system32\kernel32.dll
0x000007fefd0d0000 - 0x000007fefd13b000 	C:\Windows\system32\KERNELBASE.dll
0x000007fefd9d0000 - 0x000007fefdaab000 	C:\Windows\system32\ADVAPI32.dll
0x000007fefd240000 - 0x000007fefd2df000 	C:\Windows\system32\msvcrt.dll
0x000007fefd9b0000 - 0x000007fefd9cf000 	C:\Windows\SYSTEM32\sechost.dll
0x000007fefea10000 - 0x000007fefeb3d000 	C:\Windows\system32\RPCRT4.dll
0x0000000076e40000 - 0x0000000076f3a000 	C:\Windows\system32\USER32.dll
0x000007fefe990000 - 0x000007fefe9f7000 	C:\Windows\system32\GDI32.dll
0x000007fefd670000 - 0x000007fefd67e000 	C:\Windows\system32\LPK.dll
0x000007fefeed0000 - 0x000007fefef9a000 	C:\Windows\system32\USP10.dll
0x000007fefb6f0000 - 0x000007fefb8e4000 	C:\Windows\WinSxS\amd64_microsoft.windows.common-controls_6595b64144ccf1df_6.0.7601.18837_none_fa3b1e3d17594757\COMCTL32.dll
0x000007fefd5f0000 - 0x000007fefd661000 	C:\Windows\system32\SHLWAPI.dll
0x000007fefefa0000 - 0x000007fefefce000 	C:\Windows\system32\IMM32.DLL
0x000007fefedc0000 - 0x000007fefeec9000 	C:\Windows\system32\MSCTF.dll
0x00000000733c0000 - 0x0000000073492000 	C:\Program Files\Java\jdk1.8.0_60\jre\bin\msvcr100.dll
0x000000006eee0000 - 0x000000006f769000 	C:\Program Files\Java\jdk1.8.0_60\jre\bin\server\jvm.dll
0x000007fef5740000 - 0x000007fef5749000 	C:\Windows\system32\WSOCK32.dll
0x000007fefe840000 - 0x000007fefe88d000 	C:\Windows\system32\WS2_32.dll
0x000007fefea00000 - 0x000007fefea08000 	C:\Windows\system32\NSI.dll
0x000007fef9920000 - 0x000007fef995b000 	C:\Windows\system32\WINMM.dll
0x000007fefbed0000 - 0x000007fefbedc000 	C:\Windows\system32\VERSION.dll
0x0000000077220000 - 0x0000000077227000 	C:\Windows\system32\PSAPI.DLL
0x00000000733b0000 - 0x00000000733bf000 	C:\Program Files\Java\jdk1.8.0_60\jre\bin\verify.dll
0x0000000073380000 - 0x00000000733a9000 	C:\Program Files\Java\jdk1.8.0_60\jre\bin\java.dll
0x0000000073360000 - 0x0000000073376000 	C:\Program Files\Java\jdk1.8.0_60\jre\bin\zip.dll
0x000007fefdab0000 - 0x000007fefe83a000 	C:\Windows\system32\SHELL32.dll
0x000007feff160000 - 0x000007feff363000 	C:\Windows\system32\ole32.dll
0x000007fefcde0000 - 0x000007fefcdef000 	C:\Windows\system32\profapi.dll

VM Arguments:
java_command: experimenT.AVLTree 100
java_class_path (initial): C:\Users\Klant\workspace11\project12\bin\
Launcher Type: SUN_STANDARD

Environment Variables:



---------------  S Y S T E M  ---------------

OS: Windows 7 , 64 bit Build 7601 (6.1.7601.19160)

CPU:total 4 (2 cores per cpu, 2 threads per core) family 6 model 37 stepping 5, cmov, cx8, fxsr, mmx, sse, sse2, sse3, ssse3, sse4.1, sse4.2, popcnt, aes, clmul, ht, tsc, tscinvbit

Memory: 4k page, physical 3987284k(186348k free), swap 15947300k(4748k free)

vm_info: Java HotSpot(TM) 64-Bit Server VM (25.60-b23) for windows-amd64 JRE (1.8.0_60-b27), built on Aug  4 2015 11:06:27 by "java_re" with MS VC++ 10.0 (VS2010)

time: Thu Mar 31 15:56:47 2016
elapsed time: 212 seconds (0d 0h 3m 32s)

