#
# There is insufficient memory for the Java Runtime Environment to continue.
# Native memory allocation (malloc) failed to allocate 211056 bytes for Chunk::new
# Possible reasons:
#   The system is out of physical RAM or swap space
#   In 32 bit mode, the process size limit was hit
# Possible solutions:
#   Reduce memory load on the system
#   Increase physical memory or swap space
#   Check if swap backing store is full
#   Use 64 bit Java on a 64 bit OS
#   Decrease Java heap size (-Xmx/-Xms)
#   Decrease number of Java threads
#   Decrease Java thread stack sizes (-Xss)
#   Set larger code cache with -XX:ReservedCodeCacheSize=
# This output file may be truncated or incomplete.
#
#  Out of Memory Error (allocation.cpp:390), pid=2316, tid=1384
#
# JRE version: Java(TM) SE Runtime Environment (8.0_60-b27) (build 1.8.0_60-b27)
# Java VM: Java HotSpot(TM) 64-Bit Server VM (25.60-b23 mixed mode windows-amd64 compressed oops)
# Failed to write core dump. Minidumps are not enabled by default on client versions of Windows
#

---------------  T H R E A D  ---------------

Current thread (0x000000005503e800):  JavaThread "C2 CompilerThread1" daemon [_thread_in_native, id=1384, stack(0x0000000056d00000,0x0000000056e00000)]

Stack: [0x0000000056d00000,0x0000000056e00000]
[error occurred during error reporting (printing stack bounds), id 0xc0000005]

Native frames: (J=compiled Java code, j=interpreted, Vv=VM code, C=native code)


Current CompileTask:
C2: 149111  264   !   4       java.io.BufferedWriter::flushBuffer (53 bytes)


---------------  P R O C E S S  ---------------

Java Threads: ( => current thread )
  0x0000000056849800 JavaThread "Service Thread" daemon [_thread_blocked, id=6996, stack(0x0000000057190000,0x0000000057290000)]
  0x00000000567e4800 JavaThread "C1 CompilerThread2" daemon [_thread_blocked, id=3240, stack(0x0000000056f60000,0x0000000057060000)]
=>0x000000005503e800 JavaThread "C2 CompilerThread1" daemon [_thread_in_native, id=1384, stack(0x0000000056d00000,0x0000000056e00000)]
  0x0000000055037000 JavaThread "C2 CompilerThread0" daemon [_thread_blocked, id=8084, stack(0x0000000056560000,0x0000000056660000)]
  0x0000000055032800 JavaThread "Attach Listener" daemon [_thread_blocked, id=8024, stack(0x00000000566e0000,0x00000000567e0000)]
  0x0000000055031000 JavaThread "Signal Dispatcher" daemon [_thread_blocked, id=4132, stack(0x0000000056460000,0x0000000056560000)]
  0x0000000054fd7000 JavaThread "Finalizer" daemon [_thread_blocked, id=5568, stack(0x00000000562d0000,0x00000000563d0000)]
  0x0000000054fd0800 JavaThread "Reference Handler" daemon [_thread_blocked, id=4120, stack(0x0000000055fe0000,0x00000000560e0000)]
  0x0000000001c3e800 JavaThread "main" [_thread_in_native, id=7388, stack(0x0000000002460000,0x0000000002560000)]

Other Threads:
  0x0000000054fcb000 VMThread [stack: 0x0000000056100000,0x0000000056200000] [id=7400]
  0x0000000056883000 WatcherThread [stack: 0x0000000057080000,0x0000000057180000] [id=4196]

VM state:not at safepoint (normal execution)

VM Mutex/Monitor currently owned by a thread: None

Heap:
 PSYoungGen      total 18432K, used 12671K [0x00000000ebb80000, 0x00000000ed000000, 0x0000000100000000)
  eden space 15872K, 79% used [0x00000000ebb80000,0x00000000ec7dfc80,0x00000000ecb00000)
  from space 2560K, 0% used [0x00000000ecd80000,0x00000000ecd80000,0x00000000ed000000)
  to   space 2560K, 0% used [0x00000000ecb00000,0x00000000ecb00000,0x00000000ecd80000)
 ParOldGen       total 42496K, used 0K [0x00000000c3200000, 0x00000000c5b80000, 0x00000000ebb80000)
  object space 42496K, 0% used [0x00000000c3200000,0x00000000c3200000,0x00000000c5b80000)
 Metaspace       used 3802K, capacity 4572K, committed 4864K, reserved 1056768K
  class space    used 431K, capacity 460K, committed 512K, reserved 1048576K

Card table byte_map: [0x0000000011bf0000,0x0000000011de0000] byte_map_base: 0x00000000115d7000

Marking Bits: (ParMarkBitMap*) 0x0000000067f1a5b0
 Begin Bits: [0x00000000125e0000, 0x0000000013518000)
 End Bits:   [0x0000000013518000, 0x0000000014450000)

Polling page: 0x0000000000330000

CodeCache: size=245760Kb used=1568Kb max_used=1580Kb free=244191Kb
 bounds [0x0000000002830000, 0x0000000002aa0000, 0x0000000011830000]
 total_blobs=520 nmethods=264 adapters=170
 compilation: enabled

Compilation events (10 events):
Event: 148.982 Thread 0x00000000567e4800 nmethod 259 0x00000000029b2790 code [0x00000000029b28e0, 0x00000000029b2a30]
Event: 148.985 Thread 0x00000000567e4800  260       3       java.util.StringTokenizer::countTokens (46 bytes)
Event: 148.986 Thread 0x00000000567e4800 nmethod 260 0x00000000029b2210 code [0x00000000029b23a0, 0x00000000029b2698]
Event: 148.986 Thread 0x00000000567e4800  261       3       java.lang.Runtime::exec (73 bytes)
Event: 148.986 Thread 0x00000000567e4800 nmethod 261 0x00000000029b5ed0 code [0x00000000029b6100, 0x00000000029b6cb8]
Event: 149.035 Thread 0x000000005503e800  262   !   4       java.nio.charset.CharsetEncoder::encode (285 bytes)
Event: 149.039 Thread 0x000000005503e800 nmethod 262 0x00000000029b5690 code [0x00000000029b5800, 0x00000000029b5a88]
Event: 149.063 Thread 0x0000000055037000  263   !   4       java.io.BufferedWriter::write (117 bytes)
Event: 149.064 Thread 0x000000005503e800  264   !   4       java.io.BufferedWriter::flushBuffer (53 bytes)
Event: 149.067 Thread 0x0000000055037000 nmethod 263 0x00000000029b9190 code [0x00000000029b92e0, 0x00000000029b9918]

GC Heap History (0 events):
No events

Deoptimization events (0 events):
No events

Internal exceptions (10 events):
Event: 148.977 Thread 0x0000000001c3e800 Exception <a 'java/io/IOException': CreateProcess failed, error=8> (0x00000000ec729d08) thrown at [C:\re\workspace\8-2-build-windows-amd64-cygwin\jdk8u60\4407\hotspot\src\share\vm\prims\jni.cpp, line 735]
Event: 148.981 Thread 0x0000000001c3e800 Exception <a 'java/io/IOException': CreateProcess failed, error=1455> (0x00000000ec734ce8) thrown at [C:\re\workspace\8-2-build-windows-amd64-cygwin\jdk8u60\4407\hotspot\src\share\vm\prims\jni.cpp, line 735]
Event: 148.986 Thread 0x0000000001c3e800 Exception <a 'java/io/IOException': CreateProcess failed, error=8> (0x00000000ec739cc0) thrown at [C:\re\workspace\8-2-build-windows-amd64-cygwin\jdk8u60\4407\hotspot\src\share\vm\prims\jni.cpp, line 735]
Event: 149.035 Thread 0x0000000001c3e800 Exception <a 'java/io/IOException': CreateProcess failed, error=8> (0x00000000ec74ad08) thrown at [C:\re\workspace\8-2-build-windows-amd64-cygwin\jdk8u60\4407\hotspot\src\share\vm\prims\jni.cpp, line 735]
Event: 149.040 Thread 0x0000000001c3e800 Exception <a 'java/io/IOException': CreateProcess failed, error=8> (0x00000000ec756038) thrown at [C:\re\workspace\8-2-build-windows-amd64-cygwin\jdk8u60\4407\hotspot\src\share\vm\prims\jni.cpp, line 735]
Event: 149.044 Thread 0x0000000001c3e800 Exception <a 'java/io/IOException': CreateProcess failed, error=8> (0x00000000ec761018) thrown at [C:\re\workspace\8-2-build-windows-amd64-cygwin\jdk8u60\4407\hotspot\src\share\vm\prims\jni.cpp, line 735]
Event: 149.049 Thread 0x0000000001c3e800 Exception <a 'java/io/IOException': CreateProcess failed, error=1455> (0x00000000ec76bff8) thrown at [C:\re\workspace\8-2-build-windows-amd64-cygwin\jdk8u60\4407\hotspot\src\share\vm\prims\jni.cpp, line 735]
Event: 149.053 Thread 0x0000000001c3e800 Exception <a 'java/io/IOException': CreateProcess failed, error=1455> (0x00000000ec776ff0) thrown at [C:\re\workspace\8-2-build-windows-amd64-cygwin\jdk8u60\4407\hotspot\src\share\vm\prims\jni.cpp, line 735]
Event: 149.058 Thread 0x0000000001c3e800 Exception <a 'java/io/IOException': CreateProcess failed, error=1455> (0x00000000ec781fe8) thrown at [C:\re\workspace\8-2-build-windows-amd64-cygwin\jdk8u60\4407\hotspot\src\share\vm\prims\jni.cpp, line 735]
Event: 149.063 Thread 0x0000000001c3e800 Exception <a 'java/io/IOException': CreateProcess failed, error=8> (0x00000000ec78cfe0) thrown at [C:\re\workspace\8-2-build-windows-amd64-cygwin\jdk8u60\4407\hotspot\src\share\vm\prims\jni.cpp, line 735]

Events (10 events):
Event: 143.380 loading class java/lang/Throwable$PrintStreamOrWriter done
Event: 143.380 loading class java/lang/Throwable$WrappedPrintStream done
Event: 143.380 loading class java/util/IdentityHashMap
Event: 143.401 loading class java/util/IdentityHashMap done
Event: 143.401 loading class java/util/IdentityHashMap$KeySet
Event: 143.438 loading class java/util/IdentityHashMap$KeySet done
Event: 145.318 Executing VM operation: BulkRevokeBias
Event: 145.318 Executing VM operation: BulkRevokeBias done
Event: 146.457 Executing VM operation: BulkRevokeBias
Event: 146.457 Executing VM operation: BulkRevokeBias done


Dynamic libraries:
0x000000013f240000 - 0x000000013f277000 	C:\Program Files\Java\jdk1.8.0_60\bin\javaw.exe
0x0000000076e30000 - 0x0000000076fda000 	C:\Windows\SYSTEM32\ntdll.dll
0x0000000076c10000 - 0x0000000076d2f000 	C:\Windows\system32\kernel32.dll
0x000007fefcf00000 - 0x000007fefcf6b000 	C:\Windows\system32\KERNELBASE.dll
0x000007fefcf70000 - 0x000007fefd04b000 	C:\Windows\system32\ADVAPI32.dll
0x000007fefea10000 - 0x000007fefeaaf000 	C:\Windows\system32\msvcrt.dll
0x000007fefe620000 - 0x000007fefe63f000 	C:\Windows\SYSTEM32\sechost.dll
0x000007feff010000 - 0x000007feff13d000 	C:\Windows\system32\RPCRT4.dll
0x0000000076d30000 - 0x0000000076e2a000 	C:\Windows\system32\USER32.dll
0x000007fefeb30000 - 0x000007fefeb97000 	C:\Windows\system32\GDI32.dll
0x000007fefeba0000 - 0x000007fefebae000 	C:\Windows\system32\LPK.dll
0x000007fefe320000 - 0x000007fefe3ea000 	C:\Windows\system32\USP10.dll
0x000007fefb4c0000 - 0x000007fefb6b4000 	C:\Windows\WinSxS\amd64_microsoft.windows.common-controls_6595b64144ccf1df_6.0.7601.18837_none_fa3b1e3d17594757\COMCTL32.dll
0x000007fefeab0000 - 0x000007fefeb21000 	C:\Windows\system32\SHLWAPI.dll
0x000007fefe110000 - 0x000007fefe13e000 	C:\Windows\system32\IMM32.DLL
0x000007fefe000000 - 0x000007fefe109000 	C:\Windows\system32\MSCTF.dll
0x0000000067fa0000 - 0x0000000068072000 	C:\Program Files\Java\jdk1.8.0_60\jre\bin\msvcr100.dll
0x0000000067710000 - 0x0000000067f99000 	C:\Program Files\Java\jdk1.8.0_60\jre\bin\server\jvm.dll
0x000007fef44a0000 - 0x000007fef44a9000 	C:\Windows\system32\WSOCK32.dll
0x000007fefe5d0000 - 0x000007fefe61d000 	C:\Windows\system32\WS2_32.dll
0x000007fefd050000 - 0x000007fefd058000 	C:\Windows\system32\NSI.dll
0x000007fefa230000 - 0x000007fefa26b000 	C:\Windows\system32\WINMM.dll
0x000007fefbae0000 - 0x000007fefbaec000 	C:\Windows\system32\VERSION.dll
0x0000000076ff0000 - 0x0000000076ff7000 	C:\Windows\system32\PSAPI.DLL
0x0000000069c30000 - 0x0000000069c3f000 	C:\Program Files\Java\jdk1.8.0_60\jre\bin\verify.dll
0x0000000069b70000 - 0x0000000069b99000 	C:\Program Files\Java\jdk1.8.0_60\jre\bin\java.dll
0x0000000069b50000 - 0x0000000069b66000 	C:\Program Files\Java\jdk1.8.0_60\jre\bin\zip.dll
0x000007fefd270000 - 0x000007fefdffa000 	C:\Windows\system32\SHELL32.dll
0x000007fefd060000 - 0x000007fefd263000 	C:\Windows\system32\ole32.dll
0x000007fefcbb0000 - 0x000007fefcbbf000 	C:\Windows\system32\profapi.dll
0x0000000069b30000 - 0x0000000069b4a000 	C:\Program Files\Java\jdk1.8.0_60\jre\bin\net.dll
0x000007fefc390000 - 0x000007fefc3e5000 	C:\Windows\system32\mswsock.dll
0x000007fefc380000 - 0x000007fefc387000 	C:\Windows\System32\wship6.dll
0x0000000069b10000 - 0x0000000069b21000 	C:\Program Files\Java\jdk1.8.0_60\jre\bin\nio.dll
0x000007fefc9f0000 - 0x000007fefca47000 	C:\Windows\system32\apphelp.dll

VM Arguments:
jvm_args: -Dfile.encoding=UTF-8 
java_command: VersionsExecution 622
java_class_path (initial): C:\Users\Klant\Downloads\eclipse-standard-kepler-SR2-win32-x86_64\eclipse\plugins\org.eclipse.imp.pdb.values_0.4.2.201506052148.jar;C:\Users\Klant\Downloads\eclipse-standard-kepler-SR2-win32-x86_64\eclipse\plugins\rascal_0.7.3.201506091427.jar;C:\Users\Klant\workspace11\.metadata\.plugins\org.eclipse.pde.core\.external_libraries\rascal_0.7.3.201506091427\lib\snakeyaml-1.11.jar;C:\Users\Klant\workspace11\.metadata\.plugins\org.eclipse.pde.core\.external_libraries\rascal_0.7.3.201506091427\lib\gson-2.2.4.jar;C:\Users\Klant\workspace11\.metadata\.plugins\org.eclipse.pde.core\.external_libraries\rascal_0.7.3.201506091427\lib\xz-1.5.jar;C:\Users\Klant\workspace11\.metadata\.plugins\org.eclipse.pde.core\.external_libraries\rascal_0.7.3.201506091427\lib\commons-compress-1.9.jar;C:\Users\Klant\workspace11\.metadata\.plugins\org.eclipse.pde.core\.external_libraries\rascal_0.7.3.201506091427\lib\jdom-2.0.6.jar;C:\Users\Klant\workspace11\.metadata\.plugins\org.eclipse.pde.core\.external_libraries\rascal_0.7.3.201506091427\lib\fst-1.34.jar;C:\Users\Klant\workspace11\.metadata\.plugins\org.eclipse.pde.core\.external_libraries\rascal_0.7.3.201506091427\lib\caffeine-1.2.0.jar;C:\Users\Klant\workspace11\predicate_switching\bin
Launcher Type: SUN_STANDARD

Environment Variables:
PATH=C:\ProgramData\Oracle\Java\javapath;C:\Windows\system32;C:\Windows;C:\Windows\System32\Wbem;C:\Windows\System32\WindowsPowerShell\v1.0\;C:\Program Files\Intel\DMIX;C:\Program Files\Intel\WiFi\bin\;C:\Program Files\Common Files\Intel\WirelessCommon\;C:\Takipi\lib;C:\Takipi\lib32;C:\Users\Klant\boundt;C:\Users\Klant\Downloads\tptpdc.all_platforms-TPTP-4.1.0\tptp\tptpdc\win_ia32\bin;C:\Program Files (x86)\Skype\Phone\;C:\Program Files\Java\jdk1.8.0_60\bin;C:\Users\Klant\Downloads\major-1.1.6_jre7\major\bin;C:\Program Files\Intel\WiFi\bin\;C:\Program Files\Common Files\Intel\WirelessCommon\
USERNAME=Klant
OS=Windows_NT
PROCESSOR_IDENTIFIER=Intel64 Family 6 Model 37 Stepping 5, GenuineIntel



---------------  S Y S T E M  ---------------

OS: Windows 7 , 64 bit Build 7601 (6.1.7601.19160)

CPU:total 4 (2 cores per cpu, 2 threads per core) family 6 model 37 stepping 5, cmov, cx8, fxsr, mmx, sse, sse2, sse3, ssse3, sse4.1, sse4.2, popcnt, aes, clmul, ht, tsc, tscinvbit

Memory: 4k page, physical 3987284k(136792k free), swap 15947300k(3880k free)

vm_info: Java HotSpot(TM) 64-Bit Server VM (25.60-b23) for windows-amd64 JRE (1.8.0_60-b27), built on Aug  4 2015 11:06:27 by "java_re" with MS VC++ 10.0 (VS2010)

time: Sat Apr 09 11:50:16 2016
elapsed time: 149 seconds (0d 0h 2m 29s)

