#
# There is insufficient memory for the Java Runtime Environment to continue.
# Native memory allocation (malloc) failed to allocate 280 bytes for AllocateHeap
# Possible reasons:
#   The system is out of physical RAM or swap space
#   In 32 bit mode, the process size limit was hit
# Possible solutions:
#   Reduce memory load on the system
#   Increase physical memory or swap space
#   Check if swap backing store is full
#   Use 64 bit Java on a 64 bit OS
#   Decrease Java heap size (-Xmx/-Xms)
#   Decrease number of Java threads
#   Decrease Java thread stack sizes (-Xss)
#   Set larger code cache with -XX:ReservedCodeCacheSize=
# This output file may be truncated or incomplete.
#
#  Out of Memory Error (memory/allocation.inline.hpp:61), pid=264, tid=5256
#
# JRE version: Java(TM) SE Runtime Environment (8.0_60-b27) (build 1.8.0_60-b27)
# Java VM: Java HotSpot(TM) 64-Bit Server VM (25.60-b23 mixed mode windows-amd64 compressed oops)
# Failed to write core dump. Minidumps are not enabled by default on client versions of Windows
#

---------------  T H R E A D  ---------------

Current thread (0x000000000232d800):  JavaThread "main" [_thread_in_vm, id=5256, stack(0x00000000025e0000,0x00000000026e0000)]

Stack: [0x00000000025e0000,0x00000000026e0000]
[error occurred during error reporting (printing stack bounds), id 0xc0000005]

Native frames: (J=compiled Java code, j=interpreted, Vv=VM code, C=native code)

Java frames: (J=compiled Java code, j=interpreted, Vv=VM code)
v  ~RuntimeStub::handle_exception_from_callee Runtime1 stub
J 77 C1 java.io.FileOutputStream.write([BII)V (12 bytes) @ 0x0000000002ad7c7c [0x0000000002ad7c00+0x7c]
J 38 C1 java.io.BufferedOutputStream.flush()V (12 bytes) @ 0x0000000002ac61bc [0x0000000002ac5f60+0x25c]
J 75 C1 java.io.PrintStream.write([BII)V (69 bytes) @ 0x0000000002adb054 [0x0000000002adad20+0x334]
J 74 C1 sun.nio.cs.StreamEncoder.writeBytes()V (132 bytes) @ 0x0000000002ada23c [0x0000000002ad9ae0+0x75c]
J 72 C1 sun.nio.cs.StreamEncoder.flushBuffer()V (42 bytes) @ 0x0000000002ad8e64 [0x0000000002ad8bc0+0x2a4]
J 79 C1 java.io.PrintStream.write(Ljava/lang/String;)V (83 bytes) @ 0x0000000002ae23cc [0x0000000002ae1f40+0x48c]
J 86 C1 experimenT.minesweeper.functionF(Z)Z (47 bytes) @ 0x0000000002ae1164 [0x0000000002ae0f20+0x244]
j  experimenT.minesweeper.getBoard(II)C+427
j  experimenT.minesweeper.toStringBoard()Ljava/lang/String;+27
j  experimenT.TestMineSweeper.main([Ljava/lang/String;)V+50
v  ~StubRoutines::call_stub

---------------  P R O C E S S  ---------------

Java Threads: ( => current thread )
  0x000000005512c800 JavaThread "Service Thread" daemon [_thread_blocked, id=6292, stack(0x0000000057300000,0x0000000057400000)]
  0x0000000055128000 JavaThread "C1 CompilerThread2" daemon [_thread_blocked, id=6288, stack(0x0000000057070000,0x0000000057170000)]
  0x0000000055127000 JavaThread "C2 CompilerThread1" daemon [_thread_blocked, id=6284, stack(0x0000000056ed0000,0x0000000056fd0000)]
  0x00000000564c3800 JavaThread "C2 CompilerThread0" daemon [_thread_blocked, id=6276, stack(0x0000000056cf0000,0x0000000056df0000)]
  0x00000000564c0800 JavaThread "Attach Listener" daemon [_thread_blocked, id=6272, stack(0x0000000056b50000,0x0000000056c50000)]
  0x0000000055126800 JavaThread "Signal Dispatcher" daemon [_thread_blocked, id=6264, stack(0x00000000569c0000,0x0000000056ac0000)]
  0x00000000550cb800 JavaThread "Finalizer" daemon [_thread_blocked, id=6260, stack(0x00000000563c0000,0x00000000564c0000)]
  0x00000000550c5000 JavaThread "Reference Handler" daemon [_thread_blocked, id=6256, stack(0x00000000561d0000,0x00000000562d0000)]
=>0x000000000232d800 JavaThread "main" [_thread_in_vm, id=5256, stack(0x00000000025e0000,0x00000000026e0000)]

Other Threads:
  0x00000000550bb000 VMThread [stack: 0x00000000560d0000,0x00000000561d0000] [id=6252]
  0x000000005654b000 WatcherThread [stack: 0x0000000057490000,0x0000000057590000] [id=6296]

VM state:not at safepoint (normal execution)

VM Mutex/Monitor currently owned by a thread:  ([mutex/lock_event])
[0x000000000232bc00] ExceptionCache_lock - owner thread: 0x000000000232d800

Heap:
 PSYoungGen      total 18432K, used 1587K [0x00000000ebb80000, 0x00000000ed000000, 0x0000000100000000)
  eden space 15872K, 10% used [0x00000000ebb80000,0x00000000ebd0cf38,0x00000000ecb00000)
  from space 2560K, 0% used [0x00000000ecd80000,0x00000000ecd80000,0x00000000ed000000)
  to   space 2560K, 0% used [0x00000000ecb00000,0x00000000ecb00000,0x00000000ecd80000)
 ParOldGen       total 42496K, used 0K [0x00000000c3200000, 0x00000000c5b80000, 0x00000000ebb80000)
  object space 42496K, 0% used [0x00000000c3200000,0x00000000c3200000,0x00000000c5b80000)
 Metaspace       used 2661K, capacity 4498K, committed 4864K, reserved 1056768K
  class space    used 286K, capacity 386K, committed 512K, reserved 1048576K

Card table byte_map: [0x0000000011d70000,0x0000000011f60000] byte_map_base: 0x0000000011757000

Marking Bits: (ParMarkBitMap*) 0x00000000711fa5b0
 Begin Bits: [0x00000000126d0000, 0x0000000013608000)
 End Bits:   [0x0000000013608000, 0x0000000014540000)

Polling page: 0x0000000000330000

CodeCache: size=245760Kb used=1237Kb max_used=1237Kb free=244522Kb
 bounds [0x00000000029b0000, 0x0000000002c20000, 0x00000000119b0000]
 total_blobs=322 nmethods=89 adapters=148
 compilation: enabled

Compilation events (10 events):
Event: 0.126 Thread 0x0000000055128000   79   !   3       java.io.PrintStream::write (83 bytes)
Event: 0.126 Thread 0x0000000055128000 nmethod 79 0x0000000002ae1d10 code [0x0000000002ae1f40, 0x0000000002ae2b48]
Event: 0.126 Thread 0x0000000055128000   80   !   3       java.io.PrintStream::newLine (73 bytes)
Event: 0.127 Thread 0x0000000055128000 nmethod 80 0x0000000002ae3310 code [0x0000000002ae3520, 0x0000000002ae3fb8]
Event: 0.127 Thread 0x0000000055128000   87   !   3       java.io.PrintStream::println (24 bytes)
Event: 0.127 Thread 0x0000000055128000 nmethod 87 0x0000000002ae4710 code [0x0000000002ae48a0, 0x0000000002ae4ce8]
Event: 0.127 Thread 0x0000000055128000   88       3       java.io.PrintStream::print (9 bytes)
Event: 0.127 Thread 0x0000000055128000 nmethod 88 0x0000000002ae4f10 code [0x0000000002ae5080, 0x0000000002ae5298]
Event: 0.127 Thread 0x0000000055128000   89       3       java.lang.String::valueOf (5 bytes)
Event: 0.127 Thread 0x0000000055128000 nmethod 89 0x0000000002ae5390 code [0x0000000002ae5500, 0x0000000002ae5668]

GC Heap History (0 events):
No events

Deoptimization events (0 events):
No events

Internal exceptions (3 events):
Event: 0.054 Thread 0x000000000232d800 Exception <a 'java/lang/NoSuchMethodError': Method sun.misc.Unsafe.defineClass(Ljava/lang/String;[BII)Ljava/lang/Class; name or signature does not match> (0x00000000ebb8d418) thrown at [C:\re\workspace\8-2-build-windows-amd64-cygwin\jdk8u60\4407\hotspot\sruó{QØ«?
Event: 0.054 Thread 0x000000000232d800 Exception <a 'java/lang/NoSuchMethodError': Method sun.misc.Unsafe.prefetchRead(Ljava/lang/Object;J)V name or signature does not match> (0x00000000ebb8d700) thrown at [C:\re\workspace\8-2-build-windows-amd64-cygwin\jdk8u60\4407\hotspot\src\share\vm\prims\j@Pðx{iH@
Event: 48.824 Thread 0x000000000232d800 Exception <a 'java/io/IOException': Write error> (0x00000000ebcbe4a8) thrown at [C:\re\workspace\8-2-build-windows-amd64-cygwin\jdk8u60\4407\hotspot\src\share\vm\prims\jni.cpp, line 735]

Events (10 events):
Event: 0.110 loading class java/util/concurrent/ConcurrentHashMap$ForwardingNode
Event: 0.110 loading class java/util/concurrent/ConcurrentHashMap$ForwardingNode done
Event: 0.114 loading class java/lang/Math$RandomNumberGeneratorHolder
Event: 0.114 loading class java/lang/Math$RandomNumberGeneratorHolder done
Event: 0.114 loading class java/util/Random
Event: 0.114 loading class java/util/Random done
Event: 0.114 loading class java/util/concurrent/atomic/AtomicLong
Event: 0.114 loading class java/util/concurrent/atomic/AtomicLong done
Event: 4.158 Executing VM operation: EnableBiasedLocking
Event: 4.159 Executing VM operation: EnableBiasedLocking done


Dynamic libraries:
0x000000013ff60000 - 0x000000013ff97000 	C:\Program Files\Java\jdk1.8.0_60\bin\java.exe
0x0000000077710000 - 0x00000000778ba000 	C:\Windows\SYSTEM32\ntdll.dll
0x00000000775f0000 - 0x000000007770f000 	C:\Windows\system32\kernel32.dll
0x000007fefd680000 - 0x000007fefd6eb000 	C:\Windows\system32\KERNELBASE.dll
0x000007fefe3c0000 - 0x000007fefe49b000 	C:\Windows\system32\ADVAPI32.dll
0x000007fefe050000 - 0x000007fefe0ef000 	C:\Windows\system32\msvcrt.dll
0x000007feff970000 - 0x000007feff98f000 	C:\Windows\SYSTEM32\sechost.dll
0x000007fefe530000 - 0x000007fefe65d000 	C:\Windows\system32\RPCRT4.dll
0x00000000774f0000 - 0x00000000775ea000 	C:\Windows\system32\USER32.dll
0x000007feff9b0000 - 0x000007feffa17000 	C:\Windows\system32\GDI32.dll
0x000007fefe330000 - 0x000007fefe33e000 	C:\Windows\system32\LPK.dll
0x000007fefe7e0000 - 0x000007fefe8aa000 	C:\Windows\system32\USP10.dll
0x000007fefbdd0000 - 0x000007fefbfc4000 	C:\Windows\WinSxS\amd64_microsoft.windows.common-controls_6595b64144ccf1df_6.0.7601.18837_none_fa3b1e3d17594757\COMCTL32.dll
0x000007fefe340000 - 0x000007fefe3b1000 	C:\Windows\system32\SHLWAPI.dll
0x000007fefd850000 - 0x000007fefd87e000 	C:\Windows\system32\IMM32.DLL
0x000007fefdf40000 - 0x000007fefe049000 	C:\Windows\system32\MSCTF.dll
0x0000000072510000 - 0x00000000725e2000 	C:\Program Files\Java\jdk1.8.0_60\jre\bin\msvcr100.dll
0x00000000709f0000 - 0x0000000071279000 	C:\Program Files\Java\jdk1.8.0_60\jre\bin\server\jvm.dll
0x000007fef6a70000 - 0x000007fef6a79000 	C:\Windows\system32\WSOCK32.dll
0x000007fefe2e0000 - 0x000007fefe32d000 	C:\Windows\system32\WS2_32.dll
0x000007fefe4a0000 - 0x000007fefe4a8000 	C:\Windows\system32\NSI.dll
0x000007fefa180000 - 0x000007fefa1bb000 	C:\Windows\system32\WINMM.dll
0x000007fefc580000 - 0x000007fefc58c000 	C:\Windows\system32\VERSION.dll
0x00000000778e0000 - 0x00000000778e7000 	C:\Windows\system32\PSAPI.DLL
0x0000000074a60000 - 0x0000000074a6f000 	C:\Program Files\Java\jdk1.8.0_60\jre\bin\verify.dll
0x0000000074a30000 - 0x0000000074a59000 	C:\Program Files\Java\jdk1.8.0_60\jre\bin\java.dll
0x0000000073e60000 - 0x0000000073e76000 	C:\Program Files\Java\jdk1.8.0_60\jre\bin\zip.dll
0x000007fefebe0000 - 0x000007feff96a000 	C:\Windows\system32\SHELL32.dll
0x000007fefdb50000 - 0x000007fefdd53000 	C:\Windows\system32\ole32.dll
0x000007fefd4a0000 - 0x000007fefd4af000 	C:\Windows\system32\profapi.dll

VM Arguments:
java_command: experimenT.TestMineSweeper 1373
java_class_path (initial): C:\Users\Klant\workspace2\project18\bin\
Launcher Type: SUN_STANDARD

Environment Variables:
PATH=C:\ProgramData\Oracle\Java\javapath;C:\Windows\system32;C:\Windows;C:\Windows\System32\Wbem;C:\Windows\System32\WindowsPowerShell\v1.0\;C:\Program Files\Intel\DMIX;C:\Program Files\Intel\WiFi\bin\;C:\Program Files\Common Files\Intel\WirelessCommon\;C:\Takipi\lib;C:\Takipi\lib32;C:\Users\Klant\boundt;C:\Users\Klant\Downloads\tptpdc.all_platforms-TPTP-4.1.0\tptp\tptpdc\win_ia32\bin;C:\Program Files (x86)\Skype\Phone\;C:\Program Files\Java\jdk1.8.0_60\bin;C:\Users\Klant\Downloads\major-1.1.6_jre7\major\bin;C:\Program Files\Intel\WiFi\bin\;C:\Program Files\Common Files\Intel\WirelessCommon\
USERNAME=Klant
OS=Windows_NT
PROCESSOR_IDENTIFIER=Intel64 Family 6 Model 37 Stepping 5, GenuineIntel



---------------  S Y S T E M  ---------------

OS: Windows 7 , 64 bit Build 7601 (6.1.7601.19135)

CPU:total 4 (2 cores per cpu, 2 threads per core) family 6 model 37 stepping 5, cmov, cx8, fxsr, mmx, sse, sse2, sse3, ssse3, sse4.1, sse4.2, popcnt, aes, clmul, ht, tsc, tscinvbit

Memory: 4k page, physical 3987284k(326904k free), swap 15947300k(131272k free)

vm_info: Java HotSpot(TM) 64-Bit Server VM (25.60-b23) for windows-amd64 JRE (1.8.0_60-b27), built on Aug  4 2015 11:06:27 by "java_re" with MS VC++ 10.0 (VS2010)

time: Tue Mar 01 00:47:47 2016
elapsed time: 49 seconds (0d 0h 0m 49s)

