#
# There is insufficient memory for the Java Runtime Environment to continue.
# Native memory allocation (malloc) failed to allocate 280 bytes for AllocateHeap
# Possible reasons:
#   The system is out of physical RAM or swap space
#   In 32 bit mode, the process size limit was hit
# Possible solutions:
#   Reduce memory load on the system
#   Increase physical memory or swap space
#   Check if swap backing store is full
#   Use 64 bit Java on a 64 bit OS
#   Decrease Java heap size (-Xmx/-Xms)
#   Decrease number of Java threads
#   Decrease Java thread stack sizes (-Xss)
#   Set larger code cache with -XX:ReservedCodeCacheSize=
# This output file may be truncated or incomplete.
#
#  Out of Memory Error (memory/allocation.inline.hpp:61), pid=10828, tid=10848
#
# JRE version: Java(TM) SE Runtime Environment (8.0_60-b27) (build 1.8.0_60-b27)
# Java VM: Java HotSpot(TM) 64-Bit Server VM (25.60-b23 mixed mode windows-amd64 compressed oops)
# Failed to write core dump. Minidumps are not enabled by default on client versions of Windows
#

---------------  T H R E A D  ---------------

Current thread (0x00000000022ed800):  JavaThread "main" [_thread_in_vm, id=10848, stack(0x0000000002470000,0x0000000002570000)]

Stack: [0x0000000002470000,0x0000000002570000]
[error occurred during error reporting (printing stack bounds), id 0xc0000005]

Native frames: (J=compiled Java code, j=interpreted, Vv=VM code, C=native code)

Java frames: (J=compiled Java code, j=interpreted, Vv=VM code)
v  ~RuntimeStub::handle_exception_from_callee Runtime1 stub
J 38 C1 java.io.BufferedOutputStream.flush()V (12 bytes) @ 0x00000000029566fc [0x00000000029564a0+0x25c]
J 74 C1 java.io.PrintStream.write([BII)V (69 bytes) @ 0x000000000296dd94 [0x000000000296da60+0x334]
J 73 C1 sun.nio.cs.StreamEncoder.writeBytes()V (132 bytes) @ 0x000000000296efbc [0x000000000296e860+0x75c]
J 71 C1 sun.nio.cs.StreamEncoder.flushBuffer()V (42 bytes) @ 0x00000000029701a4 [0x000000000296ff00+0x2a4]
J 78 C1 java.io.PrintStream.write(Ljava/lang/String;)V (83 bytes) @ 0x000000000297580c [0x0000000002975380+0x48c]
J 87 C1 experimenT.minesweeper.functionF(Z)Z (47 bytes) @ 0x00000000029729e4 [0x00000000029727a0+0x244]
j  experimenT.minesweeper.getBoard(II)C+326
j  experimenT.minesweeper.toStringBoard()Ljava/lang/String;+27
j  experimenT.TestMineSweeper.main([Ljava/lang/String;)V+50
v  ~StubRoutines::call_stub

---------------  P R O C E S S  ---------------

Java Threads: ( => current thread )
  0x0000000056406000 JavaThread "Service Thread" daemon [_thread_blocked, id=10900, stack(0x0000000057070000,0x0000000057170000)]
  0x000000005509b800 JavaThread "C1 CompilerThread2" daemon [_thread_blocked, id=10896, stack(0x0000000056e40000,0x0000000056f40000)]
  0x0000000055097000 JavaThread "C2 CompilerThread1" daemon [_thread_blocked, id=10892, stack(0x0000000056c00000,0x0000000056d00000)]
  0x0000000056392800 JavaThread "C2 CompilerThread0" daemon [_thread_blocked, id=10888, stack(0x00000000567e0000,0x00000000568e0000)]
  0x0000000055095800 JavaThread "Attach Listener" daemon [_thread_blocked, id=10884, stack(0x0000000056a20000,0x0000000056b20000)]
  0x0000000055093800 JavaThread "Signal Dispatcher" daemon [_thread_blocked, id=10880, stack(0x00000000568e0000,0x00000000569e0000)]
  0x000000005503a000 JavaThread "Finalizer" daemon [_thread_blocked, id=10876, stack(0x0000000056290000,0x0000000056390000)]
  0x0000000055033000 JavaThread "Reference Handler" daemon [_thread_blocked, id=10872, stack(0x0000000056190000,0x0000000056290000)]
=>0x00000000022ed800 JavaThread "main" [_thread_in_vm, id=10848, stack(0x0000000002470000,0x0000000002570000)]

Other Threads:
  0x000000005502d800 VMThread [stack: 0x0000000055f00000,0x0000000056000000] [id=10868]
  0x000000005642e000 WatcherThread [stack: 0x00000000572c0000,0x00000000573c0000] [id=10904]

VM state:synchronizing (normal execution)

VM Mutex/Monitor currently owned by a thread:  ([mutex/lock_event])
[0x00000000022ebc00] ExceptionCache_lock - owner thread: 0x00000000022ed800
[0x00000000022ebf80] Threads_lock - owner thread: 0x000000005502d800

Heap:
 PSYoungGen      total 18432K, used 1587K [0x00000000ebb80000, 0x00000000ed000000, 0x0000000100000000)
  eden space 15872K, 10% used [0x00000000ebb80000,0x00000000ebd0cf38,0x00000000ecb00000)
  from space 2560K, 0% used [0x00000000ecd80000,0x00000000ecd80000,0x00000000ed000000)
  to   space 2560K, 0% used [0x00000000ecb00000,0x00000000ecb00000,0x00000000ecd80000)
 ParOldGen       total 42496K, used 0K [0x00000000c3200000, 0x00000000c5b80000, 0x00000000ebb80000)
  object space 42496K, 0% used [0x00000000c3200000,0x00000000c3200000,0x00000000c5b80000)
 Metaspace       used 2661K, capacity 4498K, committed 4864K, reserved 1056768K
  class space    used 286K, capacity 386K, committed 512K, reserved 1048576K

Card table byte_map: [0x0000000011c00000,0x0000000011df0000] byte_map_base: 0x00000000115e7000

Marking Bits: (ParMarkBitMap*) 0x00000000711fa5b0
 Begin Bits: [0x0000000012640000, 0x0000000013578000)
 End Bits:   [0x0000000013578000, 0x00000000144b0000)

Polling page: 0x0000000000430000

CodeCache: size=245760Kb used=1240Kb max_used=1240Kb free=244519Kb
 bounds [0x0000000002840000, 0x0000000002ab0000, 0x0000000011840000]
 total_blobs=324 nmethods=91 adapters=148
 compilation: enabled

Compilation events (10 events):
Event: 0.122 Thread 0x000000005509b800   88   !   3       java.io.PrintStream::println (24 bytes)
Event: 0.122 Thread 0x000000005509b800 nmethod 88 0x0000000002973590 code [0x0000000002973720, 0x0000000002973b68]
Event: 0.122 Thread 0x000000005509b800   89       3       java.io.PrintStream::print (9 bytes)
Event: 0.122 Thread 0x000000005509b800 nmethod 89 0x0000000002973d90 code [0x0000000002973f00, 0x0000000002974118]
Event: 0.122 Thread 0x000000005509b800   90       3       java.lang.String::valueOf (5 bytes)
Event: 0.122 Thread 0x000000005509b800 nmethod 90 0x0000000002974210 code [0x0000000002974380, 0x00000000029744e8]
Event: 0.122 Thread 0x000000005509b800   91       3       java.lang.Integer::toString (48 bytes)
Event: 0.123 Thread 0x000000005509b800 nmethod 91 0x0000000002974590 code [0x0000000002974760, 0x0000000002974da8]
Event: 0.123 Thread 0x000000005509b800   78   !   3       java.io.PrintStream::write (83 bytes)
Event: 0.123 Thread 0x000000005509b800 nmethod 78 0x0000000002975150 code [0x0000000002975380, 0x0000000002975f88]

GC Heap History (0 events):
No events

Deoptimization events (0 events):
No events

Internal exceptions (3 events):
Event: 0.053 Thread 0x00000000022ed800 Exception <a 'java/lang/NoSuchMethodError': Method sun.misc.Unsafe.defineClass(Ljava/lang/String;[BII)Ljava/lang/Class; name or signature does not match> (0x00000000ebb8d418) thrown at [C:\re\workspace\8-2-build-windows-amd64-cygwin\jdk8u60\4407\hotspot\srßOÊË™?
Event: 0.053 Thread 0x00000000022ed800 Exception <a 'java/lang/NoSuchMethodError': Method sun.misc.Unsafe.prefetchRead(Ljava/lang/Object;J)V name or signature does not match> (0x00000000ebb8d700) thrown at [C:\re\workspace\8-2-build-windows-amd64-cygwin\jdk8u60\4407\hotspot\src\share\vm\prims\j¿Çêí˙](@
Event: 12.184 Thread 0x00000000022ed800 Exception <a 'java/io/IOException': Write error> (0x00000000ebcbe490) thrown at [C:\re\workspace\8-2-build-windows-amd64-cygwin\jdk8u60\4407\hotspot\src\share\vm\prims\jni.cpp, line 735]

Events (10 events):
Event: 0.105 loading class java/util/concurrent/ConcurrentHashMap$ForwardingNode
Event: 0.105 loading class java/util/concurrent/ConcurrentHashMap$ForwardingNode done
Event: 0.109 loading class java/lang/Math$RandomNumberGeneratorHolder
Event: 0.109 loading class java/lang/Math$RandomNumberGeneratorHolder done
Event: 0.109 loading class java/util/Random
Event: 0.109 loading class java/util/Random done
Event: 0.109 loading class java/util/concurrent/atomic/AtomicLong
Event: 0.110 loading class java/util/concurrent/atomic/AtomicLong done
Event: 4.144 Executing VM operation: EnableBiasedLocking
Event: 4.144 Executing VM operation: EnableBiasedLocking done


Dynamic libraries:
0x000000013ff60000 - 0x000000013ff97000 	C:\Program Files\Java\jdk1.8.0_60\bin\java.exe
0x0000000077710000 - 0x00000000778ba000 	C:\Windows\SYSTEM32\ntdll.dll
0x00000000775f0000 - 0x000000007770f000 	C:\Windows\system32\kernel32.dll
0x000007fefd680000 - 0x000007fefd6eb000 	C:\Windows\system32\KERNELBASE.dll
0x000007fefe3c0000 - 0x000007fefe49b000 	C:\Windows\system32\ADVAPI32.dll
0x000007fefe050000 - 0x000007fefe0ef000 	C:\Windows\system32\msvcrt.dll
0x000007feff970000 - 0x000007feff98f000 	C:\Windows\SYSTEM32\sechost.dll
0x000007fefe530000 - 0x000007fefe65d000 	C:\Windows\system32\RPCRT4.dll
0x00000000774f0000 - 0x00000000775ea000 	C:\Windows\system32\USER32.dll
0x000007feff9b0000 - 0x000007feffa17000 	C:\Windows\system32\GDI32.dll
0x000007fefe330000 - 0x000007fefe33e000 	C:\Windows\system32\LPK.dll
0x000007fefe7e0000 - 0x000007fefe8aa000 	C:\Windows\system32\USP10.dll
0x000007fefbdd0000 - 0x000007fefbfc4000 	C:\Windows\WinSxS\amd64_microsoft.windows.common-controls_6595b64144ccf1df_6.0.7601.18837_none_fa3b1e3d17594757\COMCTL32.dll
0x000007fefe340000 - 0x000007fefe3b1000 	C:\Windows\system32\SHLWAPI.dll
0x000007fefd850000 - 0x000007fefd87e000 	C:\Windows\system32\IMM32.DLL
0x000007fefdf40000 - 0x000007fefe049000 	C:\Windows\system32\MSCTF.dll
0x0000000072510000 - 0x00000000725e2000 	C:\Program Files\Java\jdk1.8.0_60\jre\bin\msvcr100.dll
0x00000000709f0000 - 0x0000000071279000 	C:\Program Files\Java\jdk1.8.0_60\jre\bin\server\jvm.dll
0x000007fef6a70000 - 0x000007fef6a79000 	C:\Windows\system32\WSOCK32.dll
0x000007fefe2e0000 - 0x000007fefe32d000 	C:\Windows\system32\WS2_32.dll
0x000007fefe4a0000 - 0x000007fefe4a8000 	C:\Windows\system32\NSI.dll
0x000007fefa180000 - 0x000007fefa1bb000 	C:\Windows\system32\WINMM.dll
0x000007fefc580000 - 0x000007fefc58c000 	C:\Windows\system32\VERSION.dll
0x00000000778e0000 - 0x00000000778e7000 	C:\Windows\system32\PSAPI.DLL
0x0000000074a60000 - 0x0000000074a6f000 	C:\Program Files\Java\jdk1.8.0_60\jre\bin\verify.dll
0x0000000074a30000 - 0x0000000074a59000 	C:\Program Files\Java\jdk1.8.0_60\jre\bin\java.dll
0x0000000073e60000 - 0x0000000073e76000 	C:\Program Files\Java\jdk1.8.0_60\jre\bin\zip.dll
0x000007fefebe0000 - 0x000007feff96a000 	C:\Windows\system32\SHELL32.dll
0x000007fefdb50000 - 0x000007fefdd53000 	C:\Windows\system32\ole32.dll
0x000007fefd4a0000 - 0x000007fefd4af000 	C:\Windows\system32\profapi.dll

VM Arguments:
java_command: experimenT.TestMineSweeper 1302
java_class_path (initial): C:\Users\Klant\workspace2\project18\bin\
Launcher Type: SUN_STANDARD

Environment Variables:
PATH=C:\ProgramData\Oracle\Java\javapath;C:\Windows\system32;C:\Windows;C:\Windows\System32\Wbem;C:\Windows\System32\WindowsPowerShell\v1.0\;C:\Program Files\Intel\DMIX;C:\Program Files\Intel\WiFi\bin\;C:\Program Files\Common Files\Intel\WirelessCommon\;C:\Takipi\lib;C:\Takipi\lib32;C:\Users\Klant\boundt;C:\Users\Klant\Downloads\tptpdc.all_platforms-TPTP-4.1.0\tptp\tptpdc\win_ia32\bin;C:\Program Files (x86)\Skype\Phone\;C:\Program Files\Java\jdk1.8.0_60\bin;C:\Users\Klant\Downloads\major-1.1.6_jre7\major\bin;C:\Program Files\Intel\WiFi\bin\;C:\Program Files\Common Files\Intel\WirelessCommon\
USERNAME=Klant
OS=Windows_NT
PROCESSOR_IDENTIFIER=Intel64 Family 6 Model 37 Stepping 5, GenuineIntel



---------------  S Y S T E M  ---------------

OS: Windows 7 , 64 bit Build 7601 (6.1.7601.19135)

CPU:total 4 (2 cores per cpu, 2 threads per core) family 6 model 37 stepping 5, cmov, cx8, fxsr, mmx, sse, sse2, sse3, ssse3, sse4.1, sse4.2, popcnt, aes, clmul, ht, tsc, tscinvbit

Memory: 4k page, physical 3987284k(335052k free), swap 15947300k(5028k free)

vm_info: Java HotSpot(TM) 64-Bit Server VM (25.60-b23) for windows-amd64 JRE (1.8.0_60-b27), built on Aug  4 2015 11:06:27 by "java_re" with MS VC++ 10.0 (VS2010)

time: Tue Mar 01 00:47:47 2016
elapsed time: 12 seconds (0d 0h 0m 12s)

