#
# There is insufficient memory for the Java Runtime Environment to continue.
# Native memory allocation (malloc) failed to allocate 280 bytes for AllocateHeap
# Possible reasons:
#   The system is out of physical RAM or swap space
#   In 32 bit mode, the process size limit was hit
# Possible solutions:
#   Reduce memory load on the system
#   Increase physical memory or swap space
#   Check if swap backing store is full
#   Use 64 bit Java on a 64 bit OS
#   Decrease Java heap size (-Xmx/-Xms)
#   Decrease number of Java threads
#   Decrease Java thread stack sizes (-Xss)
#   Set larger code cache with -XX:ReservedCodeCacheSize=
# This output file may be truncated or incomplete.
#
#  Out of Memory Error (memory/allocation.inline.hpp:61), pid=10348, tid=10368
#
# JRE version: Java(TM) SE Runtime Environment (8.0_60-b27) (build 1.8.0_60-b27)
# Java VM: Java HotSpot(TM) 64-Bit Server VM (25.60-b23 mixed mode windows-amd64 compressed oops)
# Failed to write core dump. Minidumps are not enabled by default on client versions of Windows
#

---------------  T H R E A D  ---------------

Current thread (0x000000000239d800):  JavaThread "main" [_thread_in_vm, id=10368, stack(0x0000000002510000,0x0000000002610000)]

Stack: [0x0000000002510000,0x0000000002610000]
[error occurred during error reporting (printing stack bounds), id 0xc0000005]

Native frames: (J=compiled Java code, j=interpreted, Vv=VM code, C=native code)

Java frames: (J=compiled Java code, j=interpreted, Vv=VM code)
v  ~RuntimeStub::handle_exception_from_callee Runtime1 stub
J 74 C1 java.io.FileOutputStream.write([BII)V (12 bytes) @ 0x0000000002a09b7c [0x0000000002a09b00+0x7c]
J 36 C1 java.io.BufferedOutputStream.flush()V (12 bytes) @ 0x00000000029f583c [0x00000000029f55e0+0x25c]
J 72 C1 java.io.PrintStream.write([BII)V (69 bytes) @ 0x0000000002a07554 [0x0000000002a07220+0x334]
J 71 C1 sun.nio.cs.StreamEncoder.writeBytes()V (132 bytes) @ 0x0000000002a0647c [0x0000000002a05d20+0x75c]
J 69 C1 sun.nio.cs.StreamEncoder.flushBuffer()V (42 bytes) @ 0x0000000002a050a4 [0x0000000002a04e00+0x2a4]
J 79 C1 java.io.PrintStream.write(Ljava/lang/String;)V (83 bytes) @ 0x0000000002a1098c [0x0000000002a10500+0x48c]
J 82 C1 experimenT.minesweeper.functionF(Z)Z (47 bytes) @ 0x0000000002a13764 [0x0000000002a13520+0x244]
j  experimenT.minesweeper.getBoard(II)C+427
j  experimenT.minesweeper.toStringBoard()Ljava/lang/String;+27
j  experimenT.TestMineSweeper.main([Ljava/lang/String;)V+50
v  ~StubRoutines::call_stub

---------------  P R O C E S S  ---------------

Java Threads: ( => current thread )
  0x0000000056896000 JavaThread "Service Thread" daemon [_thread_blocked, id=10420, stack(0x0000000056e20000,0x0000000056f20000)]
  0x0000000056810800 JavaThread "C1 CompilerThread2" daemon [_thread_blocked, id=10416, stack(0x0000000056fc0000,0x00000000570c0000)]
  0x000000005513f800 JavaThread "C2 CompilerThread1" daemon [_thread_blocked, id=10412, stack(0x0000000056d20000,0x0000000056e20000)]
  0x0000000055138000 JavaThread "C2 CompilerThread0" daemon [_thread_blocked, id=10408, stack(0x0000000056540000,0x0000000056640000)]
  0x0000000055134800 JavaThread "Attach Listener" daemon [_thread_blocked, id=10404, stack(0x0000000056710000,0x0000000056810000)]
  0x0000000055132800 JavaThread "Signal Dispatcher" daemon [_thread_blocked, id=10400, stack(0x0000000056430000,0x0000000056530000)]
  0x00000000550d6800 JavaThread "Finalizer" daemon [_thread_blocked, id=10396, stack(0x0000000056280000,0x0000000056380000)]
  0x00000000550cf800 JavaThread "Reference Handler" daemon [_thread_blocked, id=10392, stack(0x0000000056030000,0x0000000056130000)]
=>0x000000000239d800 JavaThread "main" [_thread_in_vm, id=10368, stack(0x0000000002510000,0x0000000002610000)]

Other Threads:
  0x00000000550c9800 VMThread [stack: 0x0000000055f10000,0x0000000056010000] [id=10388]
  0x000000005689c800 WatcherThread [stack: 0x0000000057170000,0x0000000057270000] [id=10424]

VM state:not at safepoint (normal execution)

VM Mutex/Monitor currently owned by a thread:  ([mutex/lock_event])
[0x000000000239bc00] ExceptionCache_lock - owner thread: 0x000000000239d800

Heap:
 PSYoungGen      total 18432K, used 1587K [0x00000000ebb80000, 0x00000000ed000000, 0x0000000100000000)
  eden space 15872K, 10% used [0x00000000ebb80000,0x00000000ebd0cdd0,0x00000000ecb00000)
  from space 2560K, 0% used [0x00000000ecd80000,0x00000000ecd80000,0x00000000ed000000)
  to   space 2560K, 0% used [0x00000000ecb00000,0x00000000ecb00000,0x00000000ecd80000)
 ParOldGen       total 42496K, used 0K [0x00000000c3200000, 0x00000000c5b80000, 0x00000000ebb80000)
  object space 42496K, 0% used [0x00000000c3200000,0x00000000c3200000,0x00000000c5b80000)
 Metaspace       used 2660K, capacity 4498K, committed 4864K, reserved 1056768K
  class space    used 286K, capacity 386K, committed 512K, reserved 1048576K

Card table byte_map: [0x0000000011ca0000,0x0000000011e90000] byte_map_base: 0x0000000011687000

Marking Bits: (ParMarkBitMap*) 0x00000000711fa5b0
 Begin Bits: [0x00000000126e0000, 0x0000000013618000)
 End Bits:   [0x0000000013618000, 0x0000000014550000)

Polling page: 0x0000000000230000

CodeCache: size=245760Kb used=1235Kb max_used=1235Kb free=244524Kb
 bounds [0x00000000028e0000, 0x0000000002b50000, 0x00000000118e0000]
 total_blobs=320 nmethods=87 adapters=148
 compilation: enabled

Compilation events (10 events):
Event: 0.159 Thread 0x0000000056810800   80   !   3       java.io.PrintStream::newLine (73 bytes)
Event: 0.159 Thread 0x0000000056810800 nmethod 80 0x0000000002a118d0 code [0x0000000002a11ae0, 0x0000000002a12578]
Event: 0.159 Thread 0x0000000056810800   81       3       java.io.BufferedWriter::newLine (9 bytes)
Event: 0.160 Thread 0x0000000056810800 nmethod 81 0x0000000002a12cd0 code [0x0000000002a12e40, 0x0000000002a131a8]
Event: 0.160 Thread 0x0000000056810800   82       3       experimenT.minesweeper::functionF (47 bytes)
Event: 0.160 Thread 0x0000000056810800 nmethod 82 0x0000000002a13310 code [0x0000000002a13520, 0x0000000002a13e18]
Event: 0.160 Thread 0x0000000056810800   83   !   3       java.io.PrintStream::println (24 bytes)
Event: 0.160 Thread 0x0000000056810800 nmethod 83 0x0000000002a14310 code [0x0000000002a144a0, 0x0000000002a148e8]
Event: 0.160 Thread 0x0000000056810800   84       3       java.io.PrintStream::print (9 bytes)
Event: 0.160 Thread 0x0000000056810800 nmethod 84 0x0000000002a14b10 code [0x0000000002a14c80, 0x0000000002a14e98]

GC Heap History (0 events):
No events

Deoptimization events (0 events):
No events

Internal exceptions (3 events):
Event: 0.043 Thread 0x000000000239d800 Exception <a 'java/lang/NoSuchMethodError': Method sun.misc.Unsafe.defineClass(Ljava/lang/String;[BII)Ljava/lang/Class; name or signature does not match> (0x00000000ebb8d040) thrown at [C:\re\workspace\8-2-build-windows-amd64-cygwin\jdk8u60\4407\hotspot\sr;$62@¦?
Event: 0.043 Thread 0x000000000239d800 Exception <a 'java/lang/NoSuchMethodError': Method sun.misc.Unsafe.prefetchRead(Ljava/lang/Object;J)V name or signature does not match> (0x00000000ebb8d328) thrown at [C:\re\workspace\8-2-build-windows-amd64-cygwin\jdk8u60\4407\hotspot\src\share\vm\prims\jbrZŽ.@
Event: 15.278 Thread 0x000000000239d800 Exception <a 'java/io/IOException': Write error> (0x00000000ebcbdfb0) thrown at [C:\re\workspace\8-2-build-windows-amd64-cygwin\jdk8u60\4407\hotspot\src\share\vm\prims\jni.cpp, line 735]

Events (10 events):
Event: 0.142 loading class java/util/concurrent/ConcurrentHashMap$ForwardingNode
Event: 0.142 loading class java/util/concurrent/ConcurrentHashMap$ForwardingNode done
Event: 0.146 loading class java/lang/Math$RandomNumberGeneratorHolder
Event: 0.146 loading class java/lang/Math$RandomNumberGeneratorHolder done
Event: 0.146 loading class java/util/Random
Event: 0.146 loading class java/util/Random done
Event: 0.146 loading class java/util/concurrent/atomic/AtomicLong
Event: 0.146 loading class java/util/concurrent/atomic/AtomicLong done
Event: 4.147 Executing VM operation: EnableBiasedLocking
Event: 4.147 Executing VM operation: EnableBiasedLocking done


Dynamic libraries:
0x000000013ff60000 - 0x000000013ff97000 	C:\Program Files\Java\jdk1.8.0_60\bin\java.exe
0x0000000077710000 - 0x00000000778ba000 	C:\Windows\SYSTEM32\ntdll.dll
0x00000000775f0000 - 0x000000007770f000 	C:\Windows\system32\kernel32.dll
0x000007fefd680000 - 0x000007fefd6eb000 	C:\Windows\system32\KERNELBASE.dll
0x000007fefe3c0000 - 0x000007fefe49b000 	C:\Windows\system32\ADVAPI32.dll
0x000007fefe050000 - 0x000007fefe0ef000 	C:\Windows\system32\msvcrt.dll
0x000007feff970000 - 0x000007feff98f000 	C:\Windows\SYSTEM32\sechost.dll
0x000007fefe530000 - 0x000007fefe65d000 	C:\Windows\system32\RPCRT4.dll
0x00000000774f0000 - 0x00000000775ea000 	C:\Windows\system32\USER32.dll
0x000007feff9b0000 - 0x000007feffa17000 	C:\Windows\system32\GDI32.dll
0x000007fefe330000 - 0x000007fefe33e000 	C:\Windows\system32\LPK.dll
0x000007fefe7e0000 - 0x000007fefe8aa000 	C:\Windows\system32\USP10.dll
0x000007fefbdd0000 - 0x000007fefbfc4000 	C:\Windows\WinSxS\amd64_microsoft.windows.common-controls_6595b64144ccf1df_6.0.7601.18837_none_fa3b1e3d17594757\COMCTL32.dll
0x000007fefe340000 - 0x000007fefe3b1000 	C:\Windows\system32\SHLWAPI.dll
0x000007fefd850000 - 0x000007fefd87e000 	C:\Windows\system32\IMM32.DLL
0x000007fefdf40000 - 0x000007fefe049000 	C:\Windows\system32\MSCTF.dll
0x0000000072510000 - 0x00000000725e2000 	C:\Program Files\Java\jdk1.8.0_60\jre\bin\msvcr100.dll
0x00000000709f0000 - 0x0000000071279000 	C:\Program Files\Java\jdk1.8.0_60\jre\bin\server\jvm.dll
0x000007fef6a70000 - 0x000007fef6a79000 	C:\Windows\system32\WSOCK32.dll
0x000007fefe2e0000 - 0x000007fefe32d000 	C:\Windows\system32\WS2_32.dll
0x000007fefe4a0000 - 0x000007fefe4a8000 	C:\Windows\system32\NSI.dll
0x000007fefa180000 - 0x000007fefa1bb000 	C:\Windows\system32\WINMM.dll
0x000007fefc580000 - 0x000007fefc58c000 	C:\Windows\system32\VERSION.dll
0x00000000778e0000 - 0x00000000778e7000 	C:\Windows\system32\PSAPI.DLL
0x0000000074a60000 - 0x0000000074a6f000 	C:\Program Files\Java\jdk1.8.0_60\jre\bin\verify.dll
0x0000000074a30000 - 0x0000000074a59000 	C:\Program Files\Java\jdk1.8.0_60\jre\bin\java.dll
0x0000000073e60000 - 0x0000000073e76000 	C:\Program Files\Java\jdk1.8.0_60\jre\bin\zip.dll
0x000007fefebe0000 - 0x000007feff96a000 	C:\Windows\system32\SHELL32.dll
0x000007fefdb50000 - 0x000007fefdd53000 	C:\Windows\system32\ole32.dll
0x000007fefd4a0000 - 0x000007fefd4af000 	C:\Windows\system32\profapi.dll

VM Arguments:
java_command: experimenT.TestMineSweeper 1308
java_class_path (initial): C:\Users\Klant\workspace2\project18\bin\
Launcher Type: SUN_STANDARD

Environment Variables:
PATH=C:\ProgramData\Oracle\Java\javapath;C:\Windows\system32;C:\Windows;C:\Windows\System32\Wbem;C:\Windows\System32\WindowsPowerShell\v1.0\;C:\Program Files\Intel\DMIX;C:\Program Files\Intel\WiFi\bin\;C:\Program Files\Common Files\Intel\WirelessCommon\;C:\Takipi\lib;C:\Takipi\lib32;C:\Users\Klant\boundt;C:\Users\Klant\Downloads\tptpdc.all_platforms-TPTP-4.1.0\tptp\tptpdc\win_ia32\bin;C:\Program Files (x86)\Skype\Phone\;C:\Program Files\Java\jdk1.8.0_60\bin;C:\Users\Klant\Downloads\major-1.1.6_jre7\major\bin;C:\Program Files\Intel\WiFi\bin\;C:\Program Files\Common Files\Intel\WirelessCommon\
USERNAME=Klant
OS=Windows_NT
PROCESSOR_IDENTIFIER=Intel64 Family 6 Model 37 Stepping 5, GenuineIntel



---------------  S Y S T E M  ---------------

OS: Windows 7 , 64 bit Build 7601 (6.1.7601.19135)

CPU:total 4 (2 cores per cpu, 2 threads per core) family 6 model 37 stepping 5, cmov, cx8, fxsr, mmx, sse, sse2, sse3, ssse3, sse4.1, sse4.2, popcnt, aes, clmul, ht, tsc, tscinvbit

Memory: 4k page, physical 3987284k(335368k free), swap 15947300k(5032k free)

vm_info: Java HotSpot(TM) 64-Bit Server VM (25.60-b23) for windows-amd64 JRE (1.8.0_60-b27), built on Aug  4 2015 11:06:27 by "java_re" with MS VC++ 10.0 (VS2010)

time: Tue Mar 01 00:47:47 2016
elapsed time: 15 seconds (0d 0h 0m 15s)

